{"D:\\practice\\fastify\\fastify_prizma\\build\\app.js":{"path":"D:\\practice\\fastify\\fastify_prizma\\build\\app.js","statementMap":{"0":{"start":{"line":2,"column":16},"end":{"line":10,"column":1}},"1":{"start":{"line":3,"column":28},"end":{"line":3,"column":110}},"2":{"start":{"line":3,"column":91},"end":{"line":3,"column":106}},"3":{"start":{"line":4,"column":4},"end":{"line":9,"column":7}},"4":{"start":{"line":5,"column":36},"end":{"line":5,"column":97}},"5":{"start":{"line":5,"column":42},"end":{"line":5,"column":70}},"6":{"start":{"line":5,"column":85},"end":{"line":5,"column":95}},"7":{"start":{"line":6,"column":35},"end":{"line":6,"column":100}},"8":{"start":{"line":6,"column":41},"end":{"line":6,"column":73}},"9":{"start":{"line":6,"column":88},"end":{"line":6,"column":98}},"10":{"start":{"line":7,"column":32},"end":{"line":7,"column":116}},"11":{"start":{"line":8,"column":8},"end":{"line":8,"column":78}},"12":{"start":{"line":11,"column":22},"end":{"line":13,"column":1}},"13":{"start":{"line":12,"column":4},"end":{"line":12,"column":62}},"14":{"start":{"line":14,"column":0},"end":{"line":14,"column":62}},"15":{"start":{"line":15,"column":0},"end":{"line":15,"column":45}},"16":{"start":{"line":16,"column":18},"end":{"line":16,"column":53}},"17":{"start":{"line":17,"column":18},"end":{"line":17,"column":55}},"18":{"start":{"line":18,"column":21},"end":{"line":18,"column":57}},"19":{"start":{"line":19,"column":22},"end":{"line":19,"column":59}},"20":{"start":{"line":20,"column":24},"end":{"line":20,"column":66}},"21":{"start":{"line":21,"column":25},"end":{"line":21,"column":68}},"22":{"start":{"line":22,"column":21},"end":{"line":22,"column":57}},"23":{"start":{"line":23,"column":21},"end":{"line":23,"column":57}},"24":{"start":{"line":24,"column":24},"end":{"line":24,"column":66}},"25":{"start":{"line":26,"column":4},"end":{"line":45,"column":7}},"26":{"start":{"line":27,"column":24},"end":{"line":27,"column":55}},"27":{"start":{"line":28,"column":8},"end":{"line":30,"column":9}},"28":{"start":{"line":29,"column":12},"end":{"line":29,"column":38}},"29":{"start":{"line":31,"column":8},"end":{"line":31,"column":59}},"30":{"start":{"line":32,"column":8},"end":{"line":32,"column":55}},"31":{"start":{"line":33,"column":8},"end":{"line":33,"column":57}},"32":{"start":{"line":34,"column":8},"end":{"line":34,"column":60}},"33":{"start":{"line":35,"column":8},"end":{"line":35,"column":58}},"34":{"start":{"line":36,"column":8},"end":{"line":36,"column":57}},"35":{"start":{"line":38,"column":8},"end":{"line":38,"column":54}},"36":{"start":{"line":39,"column":8},"end":{"line":39,"column":54}},"37":{"start":{"line":40,"column":8},"end":{"line":40,"column":60}},"38":{"start":{"line":41,"column":8},"end":{"line":41,"column":60}},"39":{"start":{"line":42,"column":8},"end":{"line":42,"column":75}},"40":{"start":{"line":43,"column":8},"end":{"line":43,"column":84}},"41":{"start":{"line":44,"column":8},"end":{"line":44,"column":23}},"42":{"start":{"line":47,"column":0},"end":{"line":47,"column":28}},"43":{"start":{"line":49,"column":4},"end":{"line":65,"column":7}},"44":{"start":{"line":50,"column":8},"end":{"line":54,"column":11}},"45":{"start":{"line":51,"column":12},"end":{"line":53,"column":15}},"46":{"start":{"line":52,"column":16},"end":{"line":52,"column":40}},"47":{"start":{"line":55,"column":8},"end":{"line":64,"column":9}},"48":{"start":{"line":56,"column":12},"end":{"line":59,"column":15}},"49":{"start":{"line":62,"column":12},"end":{"line":62,"column":34}},"50":{"start":{"line":63,"column":12},"end":{"line":63,"column":28}},"51":{"start":{"line":67,"column":0},"end":{"line":67,"column":28}}},"fnMap":{"0":{"name":"(anonymous_0)","decl":{"start":{"line":2,"column":44},"end":{"line":2,"column":45}},"loc":{"start":{"line":2,"column":89},"end":{"line":10,"column":1}},"line":2},"1":{"name":"adopt","decl":{"start":{"line":3,"column":13},"end":{"line":3,"column":18}},"loc":{"start":{"line":3,"column":26},"end":{"line":3,"column":112}},"line":3},"2":{"name":"(anonymous_2)","decl":{"start":{"line":3,"column":70},"end":{"line":3,"column":71}},"loc":{"start":{"line":3,"column":89},"end":{"line":3,"column":108}},"line":3},"3":{"name":"(anonymous_3)","decl":{"start":{"line":4,"column":36},"end":{"line":4,"column":37}},"loc":{"start":{"line":4,"column":63},"end":{"line":9,"column":5}},"line":4},"4":{"name":"fulfilled","decl":{"start":{"line":5,"column":17},"end":{"line":5,"column":26}},"loc":{"start":{"line":5,"column":34},"end":{"line":5,"column":99}},"line":5},"5":{"name":"rejected","decl":{"start":{"line":6,"column":17},"end":{"line":6,"column":25}},"loc":{"start":{"line":6,"column":33},"end":{"line":6,"column":102}},"line":6},"6":{"name":"step","decl":{"start":{"line":7,"column":17},"end":{"line":7,"column":21}},"loc":{"start":{"line":7,"column":30},"end":{"line":7,"column":118}},"line":7},"7":{"name":"(anonymous_7)","decl":{"start":{"line":11,"column":56},"end":{"line":11,"column":57}},"loc":{"start":{"line":11,"column":71},"end":{"line":13,"column":1}},"line":11},"8":{"name":"buildApp","decl":{"start":{"line":25,"column":9},"end":{"line":25,"column":17}},"loc":{"start":{"line":25,"column":32},"end":{"line":46,"column":1}},"line":25},"9":{"name":"(anonymous_9)","decl":{"start":{"line":26,"column":43},"end":{"line":26,"column":44}},"loc":{"start":{"line":26,"column":56},"end":{"line":45,"column":5}},"line":26},"10":{"name":"startApp","decl":{"start":{"line":48,"column":9},"end":{"line":48,"column":17}},"loc":{"start":{"line":48,"column":26},"end":{"line":66,"column":1}},"line":48},"11":{"name":"(anonymous_11)","decl":{"start":{"line":49,"column":43},"end":{"line":49,"column":44}},"loc":{"start":{"line":49,"column":56},"end":{"line":65,"column":5}},"line":49},"12":{"name":"(anonymous_12)","decl":{"start":{"line":50,"column":35},"end":{"line":50,"column":36}},"loc":{"start":{"line":50,"column":47},"end":{"line":54,"column":9}},"line":50},"13":{"name":"(anonymous_13)","decl":{"start":{"line":51,"column":51},"end":{"line":51,"column":52}},"loc":{"start":{"line":51,"column":64},"end":{"line":53,"column":13}},"line":51}},"branchMap":{"0":{"loc":{"start":{"line":2,"column":16},"end":{"line":10,"column":1}},"type":"binary-expr","locations":[{"start":{"line":2,"column":17},"end":{"line":2,"column":21}},{"start":{"line":2,"column":25},"end":{"line":2,"column":39}},{"start":{"line":2,"column":44},"end":{"line":10,"column":1}}],"line":2},"1":{"loc":{"start":{"line":3,"column":35},"end":{"line":3,"column":109}},"type":"cond-expr","locations":[{"start":{"line":3,"column":56},"end":{"line":3,"column":61}},{"start":{"line":3,"column":64},"end":{"line":3,"column":109}}],"line":3},"2":{"loc":{"start":{"line":4,"column":16},"end":{"line":4,"column":34}},"type":"binary-expr","locations":[{"start":{"line":4,"column":16},"end":{"line":4,"column":17}},{"start":{"line":4,"column":22},"end":{"line":4,"column":33}}],"line":4},"3":{"loc":{"start":{"line":7,"column":32},"end":{"line":7,"column":115}},"type":"cond-expr","locations":[{"start":{"line":7,"column":46},"end":{"line":7,"column":67}},{"start":{"line":7,"column":70},"end":{"line":7,"column":115}}],"line":7},"4":{"loc":{"start":{"line":8,"column":51},"end":{"line":8,"column":67}},"type":"binary-expr","locations":[{"start":{"line":8,"column":51},"end":{"line":8,"column":61}},{"start":{"line":8,"column":65},"end":{"line":8,"column":67}}],"line":8},"5":{"loc":{"start":{"line":11,"column":22},"end":{"line":13,"column":1}},"type":"binary-expr","locations":[{"start":{"line":11,"column":23},"end":{"line":11,"column":27}},{"start":{"line":11,"column":31},"end":{"line":11,"column":51}},{"start":{"line":11,"column":56},"end":{"line":13,"column":1}}],"line":11},"6":{"loc":{"start":{"line":12,"column":11},"end":{"line":12,"column":61}},"type":"cond-expr","locations":[{"start":{"line":12,"column":37},"end":{"line":12,"column":40}},{"start":{"line":12,"column":43},"end":{"line":12,"column":61}}],"line":12},"7":{"loc":{"start":{"line":12,"column":12},"end":{"line":12,"column":33}},"type":"binary-expr","locations":[{"start":{"line":12,"column":12},"end":{"line":12,"column":15}},{"start":{"line":12,"column":19},"end":{"line":12,"column":33}}],"line":12},"8":{"loc":{"start":{"line":25,"column":18},"end":{"line":25,"column":30}},"type":"default-arg","locations":[{"start":{"line":25,"column":28},"end":{"line":25,"column":30}}],"line":25}},"s":{"0":1,"1":1,"2":0,"3":2,"4":1,"5":1,"6":0,"7":0,"8":0,"9":0,"10":3,"11":2,"12":1,"13":2,"14":1,"15":1,"16":1,"17":1,"18":1,"19":1,"20":1,"21":1,"22":1,"23":1,"24":1,"25":1,"26":1,"27":1,"28":2,"29":1,"30":1,"31":1,"32":1,"33":1,"34":1,"35":1,"36":1,"37":1,"38":1,"39":1,"40":1,"41":1,"42":1,"43":1,"44":1,"45":0,"46":0,"47":1,"48":1,"49":0,"50":0,"51":1},"f":{"0":2,"1":1,"2":0,"3":2,"4":1,"5":0,"6":3,"7":2,"8":1,"9":1,"10":1,"11":1,"12":0,"13":0},"b":{"0":[1,1,1],"1":[1,0],"2":[2,2],"3":[2,1],"4":[2,2],"5":[1,1,1],"6":[1,1],"7":[2,2],"8":[0]},"_coverageSchema":"1a1c01bbd47fc00a2c39e90264f33305004495a9","hash":"a00eb8c834647922a9e4b35b8be1d8be32ad9f46","contentHash":"11b276923d5e6b4a63b417798a0030af26105b8091420e1ae75b99500d24b1f6"},"D:\\practice\\fastify\\fastify_prizma\\build\\plugins\\index.js":{"path":"D:\\practice\\fastify\\fastify_prizma\\build\\plugins\\index.js","statementMap":{"0":{"start":{"line":2,"column":0},"end":{"line":2,"column":62}},"1":{"start":{"line":3,"column":0},"end":{"line":3,"column":27}},"2":{"start":{"line":4,"column":24},"end":{"line":4,"column":50}},"3":{"start":{"line":5,"column":22},"end":{"line":5,"column":46}},"4":{"start":{"line":6,"column":21},"end":{"line":6,"column":48}},"5":{"start":{"line":7,"column":25},"end":{"line":7,"column":52}},"6":{"start":{"line":8,"column":19},"end":{"line":8,"column":40}},"7":{"start":{"line":9,"column":27},"end":{"line":9,"column":56}},"8":{"start":{"line":10,"column":24},"end":{"line":10,"column":50}},"9":{"start":{"line":11,"column":20},"end":{"line":11,"column":44}},"10":{"start":{"line":12,"column":0},"end":{"line":12,"column":120}},"11":{"start":{"line":12,"column":83},"end":{"line":12,"column":114}},"12":{"start":{"line":13,"column":0},"end":{"line":21,"column":2}}},"fnMap":{"0":{"name":"(anonymous_0)","decl":{"start":{"line":12,"column":69},"end":{"line":12,"column":70}},"loc":{"start":{"line":12,"column":81},"end":{"line":12,"column":116}},"line":12}},"branchMap":{},"s":{"0":1,"1":1,"2":1,"3":1,"4":1,"5":1,"6":1,"7":1,"8":1,"9":1,"10":1,"11":0,"12":1},"f":{"0":0},"b":{},"_coverageSchema":"1a1c01bbd47fc00a2c39e90264f33305004495a9","hash":"6279579bb877b81158fd5256b2f90baf7be740ef","contentHash":"7b2cd524467dfdf4b8dde4ebc62db361f23172898e9d5ac0f5d28130c60539f8"},"D:\\practice\\fastify\\fastify_prizma\\build\\plugins\\prisma-plugin.js":{"path":"D:\\practice\\fastify\\fastify_prizma\\build\\plugins\\prisma-plugin.js","statementMap":{"0":{"start":{"line":2,"column":16},"end":{"line":10,"column":1}},"1":{"start":{"line":3,"column":28},"end":{"line":3,"column":110}},"2":{"start":{"line":3,"column":91},"end":{"line":3,"column":106}},"3":{"start":{"line":4,"column":4},"end":{"line":9,"column":7}},"4":{"start":{"line":5,"column":36},"end":{"line":5,"column":97}},"5":{"start":{"line":5,"column":42},"end":{"line":5,"column":70}},"6":{"start":{"line":5,"column":85},"end":{"line":5,"column":95}},"7":{"start":{"line":6,"column":35},"end":{"line":6,"column":100}},"8":{"start":{"line":6,"column":41},"end":{"line":6,"column":73}},"9":{"start":{"line":6,"column":88},"end":{"line":6,"column":98}},"10":{"start":{"line":7,"column":32},"end":{"line":7,"column":116}},"11":{"start":{"line":8,"column":8},"end":{"line":8,"column":78}},"12":{"start":{"line":11,"column":22},"end":{"line":13,"column":1}},"13":{"start":{"line":12,"column":4},"end":{"line":12,"column":62}},"14":{"start":{"line":14,"column":0},"end":{"line":14,"column":62}},"15":{"start":{"line":15,"column":0},"end":{"line":15,"column":30}},"16":{"start":{"line":16,"column":17},"end":{"line":16,"column":42}},"17":{"start":{"line":17,"column":25},"end":{"line":17,"column":67}},"18":{"start":{"line":19,"column":4},"end":{"line":26,"column":7}},"19":{"start":{"line":20,"column":19},"end":{"line":23,"column":10}},"20":{"start":{"line":24,"column":8},"end":{"line":24,"column":28}},"21":{"start":{"line":25,"column":8},"end":{"line":25,"column":18}},"22":{"start":{"line":28,"column":21},"end":{"line":38,"column":3}},"23":{"start":{"line":28,"column":63},"end":{"line":38,"column":2}},"24":{"start":{"line":29,"column":19},"end":{"line":29,"column":49}},"25":{"start":{"line":31,"column":4},"end":{"line":31,"column":38}},"26":{"start":{"line":35,"column":4},"end":{"line":37,"column":8}},"27":{"start":{"line":35,"column":36},"end":{"line":37,"column":6}},"28":{"start":{"line":36,"column":8},"end":{"line":36,"column":42}},"29":{"start":{"line":39,"column":0},"end":{"line":39,"column":36}}},"fnMap":{"0":{"name":"(anonymous_0)","decl":{"start":{"line":2,"column":44},"end":{"line":2,"column":45}},"loc":{"start":{"line":2,"column":89},"end":{"line":10,"column":1}},"line":2},"1":{"name":"adopt","decl":{"start":{"line":3,"column":13},"end":{"line":3,"column":18}},"loc":{"start":{"line":3,"column":26},"end":{"line":3,"column":112}},"line":3},"2":{"name":"(anonymous_2)","decl":{"start":{"line":3,"column":70},"end":{"line":3,"column":71}},"loc":{"start":{"line":3,"column":89},"end":{"line":3,"column":108}},"line":3},"3":{"name":"(anonymous_3)","decl":{"start":{"line":4,"column":36},"end":{"line":4,"column":37}},"loc":{"start":{"line":4,"column":63},"end":{"line":9,"column":5}},"line":4},"4":{"name":"fulfilled","decl":{"start":{"line":5,"column":17},"end":{"line":5,"column":26}},"loc":{"start":{"line":5,"column":34},"end":{"line":5,"column":99}},"line":5},"5":{"name":"rejected","decl":{"start":{"line":6,"column":17},"end":{"line":6,"column":25}},"loc":{"start":{"line":6,"column":33},"end":{"line":6,"column":102}},"line":6},"6":{"name":"step","decl":{"start":{"line":7,"column":17},"end":{"line":7,"column":21}},"loc":{"start":{"line":7,"column":30},"end":{"line":7,"column":118}},"line":7},"7":{"name":"(anonymous_7)","decl":{"start":{"line":11,"column":56},"end":{"line":11,"column":57}},"loc":{"start":{"line":11,"column":71},"end":{"line":13,"column":1}},"line":11},"8":{"name":"initDatabaseConnection","decl":{"start":{"line":18,"column":9},"end":{"line":18,"column":31}},"loc":{"start":{"line":18,"column":34},"end":{"line":27,"column":1}},"line":18},"9":{"name":"(anonymous_9)","decl":{"start":{"line":19,"column":43},"end":{"line":19,"column":44}},"loc":{"start":{"line":19,"column":56},"end":{"line":26,"column":5}},"line":19},"10":{"name":"(anonymous_10)","decl":{"start":{"line":28,"column":51},"end":{"line":28,"column":52}},"loc":{"start":{"line":28,"column":63},"end":{"line":38,"column":2}},"line":28},"11":{"name":"(anonymous_11)","decl":{"start":{"line":28,"column":97},"end":{"line":28,"column":98}},"loc":{"start":{"line":28,"column":110},"end":{"line":38,"column":1}},"line":28},"12":{"name":"(anonymous_12)","decl":{"start":{"line":35,"column":30},"end":{"line":35,"column":31}},"loc":{"start":{"line":35,"column":36},"end":{"line":37,"column":6}},"line":35},"13":{"name":"(anonymous_13)","decl":{"start":{"line":35,"column":70},"end":{"line":35,"column":71}},"loc":{"start":{"line":35,"column":83},"end":{"line":37,"column":5}},"line":35}},"branchMap":{"0":{"loc":{"start":{"line":2,"column":16},"end":{"line":10,"column":1}},"type":"binary-expr","locations":[{"start":{"line":2,"column":17},"end":{"line":2,"column":21}},{"start":{"line":2,"column":25},"end":{"line":2,"column":39}},{"start":{"line":2,"column":44},"end":{"line":10,"column":1}}],"line":2},"1":{"loc":{"start":{"line":3,"column":35},"end":{"line":3,"column":109}},"type":"cond-expr","locations":[{"start":{"line":3,"column":56},"end":{"line":3,"column":61}},{"start":{"line":3,"column":64},"end":{"line":3,"column":109}}],"line":3},"2":{"loc":{"start":{"line":4,"column":16},"end":{"line":4,"column":34}},"type":"binary-expr","locations":[{"start":{"line":4,"column":16},"end":{"line":4,"column":17}},{"start":{"line":4,"column":22},"end":{"line":4,"column":33}}],"line":4},"3":{"loc":{"start":{"line":7,"column":32},"end":{"line":7,"column":115}},"type":"cond-expr","locations":[{"start":{"line":7,"column":46},"end":{"line":7,"column":67}},{"start":{"line":7,"column":70},"end":{"line":7,"column":115}}],"line":7},"4":{"loc":{"start":{"line":8,"column":51},"end":{"line":8,"column":67}},"type":"binary-expr","locations":[{"start":{"line":8,"column":51},"end":{"line":8,"column":61}},{"start":{"line":8,"column":65},"end":{"line":8,"column":67}}],"line":8},"5":{"loc":{"start":{"line":11,"column":22},"end":{"line":13,"column":1}},"type":"binary-expr","locations":[{"start":{"line":11,"column":23},"end":{"line":11,"column":27}},{"start":{"line":11,"column":31},"end":{"line":11,"column":51}},{"start":{"line":11,"column":56},"end":{"line":13,"column":1}}],"line":11},"6":{"loc":{"start":{"line":12,"column":11},"end":{"line":12,"column":61}},"type":"cond-expr","locations":[{"start":{"line":12,"column":37},"end":{"line":12,"column":40}},{"start":{"line":12,"column":43},"end":{"line":12,"column":61}}],"line":12},"7":{"loc":{"start":{"line":12,"column":12},"end":{"line":12,"column":33}},"type":"binary-expr","locations":[{"start":{"line":12,"column":12},"end":{"line":12,"column":15}},{"start":{"line":12,"column":19},"end":{"line":12,"column":33}}],"line":12}},"s":{"0":1,"1":3,"2":0,"3":3,"4":3,"5":3,"6":0,"7":0,"8":0,"9":0,"10":6,"11":3,"12":1,"13":1,"14":1,"15":1,"16":1,"17":1,"18":1,"19":1,"20":1,"21":1,"22":1,"23":1,"24":1,"25":1,"26":1,"27":1,"28":1,"29":1},"f":{"0":3,"1":3,"2":0,"3":3,"4":3,"5":0,"6":6,"7":1,"8":1,"9":1,"10":1,"11":1,"12":1,"13":1},"b":{"0":[1,1,1],"1":[3,0],"2":[3,3],"3":[3,3],"4":[3,3],"5":[1,1,1],"6":[0,1],"7":[1,1]},"_coverageSchema":"1a1c01bbd47fc00a2c39e90264f33305004495a9","hash":"382efbc71a41a046774bb4a5d73bc408b357a406","contentHash":"b8733afe227fa715b6ae4edae1566542a49dcd99df364aa0f156ba889c1abbba"},"D:\\practice\\fastify\\fastify_prizma\\build\\plugins\\hash-plugin.js":{"path":"D:\\practice\\fastify\\fastify_prizma\\build\\plugins\\hash-plugin.js","statementMap":{"0":{"start":{"line":2,"column":16},"end":{"line":10,"column":1}},"1":{"start":{"line":3,"column":28},"end":{"line":3,"column":110}},"2":{"start":{"line":3,"column":91},"end":{"line":3,"column":106}},"3":{"start":{"line":4,"column":4},"end":{"line":9,"column":7}},"4":{"start":{"line":5,"column":36},"end":{"line":5,"column":97}},"5":{"start":{"line":5,"column":42},"end":{"line":5,"column":70}},"6":{"start":{"line":5,"column":85},"end":{"line":5,"column":95}},"7":{"start":{"line":6,"column":35},"end":{"line":6,"column":100}},"8":{"start":{"line":6,"column":41},"end":{"line":6,"column":73}},"9":{"start":{"line":6,"column":88},"end":{"line":6,"column":98}},"10":{"start":{"line":7,"column":32},"end":{"line":7,"column":116}},"11":{"start":{"line":8,"column":8},"end":{"line":8,"column":78}},"12":{"start":{"line":11,"column":22},"end":{"line":13,"column":1}},"13":{"start":{"line":12,"column":4},"end":{"line":12,"column":62}},"14":{"start":{"line":14,"column":0},"end":{"line":14,"column":62}},"15":{"start":{"line":15,"column":0},"end":{"line":15,"column":53}},"16":{"start":{"line":16,"column":17},"end":{"line":16,"column":51}},"17":{"start":{"line":17,"column":25},"end":{"line":17,"column":67}},"18":{"start":{"line":20,"column":21},"end":{"line":20,"column":69}},"19":{"start":{"line":21,"column":21},"end":{"line":22,"column":28}},"20":{"start":{"line":23,"column":8},"end":{"line":23,"column":30}},"21":{"start":{"line":26,"column":30},"end":{"line":27,"column":28}},"22":{"start":{"line":28,"column":8},"end":{"line":28,"column":38}},"23":{"start":{"line":31,"column":0},"end":{"line":31,"column":30}},"24":{"start":{"line":32,"column":24},"end":{"line":38,"column":3}},"25":{"start":{"line":32,"column":66},"end":{"line":38,"column":2}},"26":{"start":{"line":33,"column":22},"end":{"line":33,"column":43}},"27":{"start":{"line":34,"column":4},"end":{"line":34,"column":44}},"28":{"start":{"line":39,"column":0},"end":{"line":39,"column":42}}},"fnMap":{"0":{"name":"(anonymous_0)","decl":{"start":{"line":2,"column":44},"end":{"line":2,"column":45}},"loc":{"start":{"line":2,"column":89},"end":{"line":10,"column":1}},"line":2},"1":{"name":"adopt","decl":{"start":{"line":3,"column":13},"end":{"line":3,"column":18}},"loc":{"start":{"line":3,"column":26},"end":{"line":3,"column":112}},"line":3},"2":{"name":"(anonymous_2)","decl":{"start":{"line":3,"column":70},"end":{"line":3,"column":71}},"loc":{"start":{"line":3,"column":89},"end":{"line":3,"column":108}},"line":3},"3":{"name":"(anonymous_3)","decl":{"start":{"line":4,"column":36},"end":{"line":4,"column":37}},"loc":{"start":{"line":4,"column":63},"end":{"line":9,"column":5}},"line":4},"4":{"name":"fulfilled","decl":{"start":{"line":5,"column":17},"end":{"line":5,"column":26}},"loc":{"start":{"line":5,"column":34},"end":{"line":5,"column":99}},"line":5},"5":{"name":"rejected","decl":{"start":{"line":6,"column":17},"end":{"line":6,"column":25}},"loc":{"start":{"line":6,"column":33},"end":{"line":6,"column":102}},"line":6},"6":{"name":"step","decl":{"start":{"line":7,"column":17},"end":{"line":7,"column":21}},"loc":{"start":{"line":7,"column":30},"end":{"line":7,"column":118}},"line":7},"7":{"name":"(anonymous_7)","decl":{"start":{"line":11,"column":56},"end":{"line":11,"column":57}},"loc":{"start":{"line":11,"column":71},"end":{"line":13,"column":1}},"line":11},"8":{"name":"(anonymous_8)","decl":{"start":{"line":19,"column":4},"end":{"line":19,"column":5}},"loc":{"start":{"line":19,"column":27},"end":{"line":24,"column":5}},"line":19},"9":{"name":"(anonymous_9)","decl":{"start":{"line":25,"column":4},"end":{"line":25,"column":5}},"loc":{"start":{"line":25,"column":54},"end":{"line":29,"column":5}},"line":25},"10":{"name":"(anonymous_10)","decl":{"start":{"line":32,"column":54},"end":{"line":32,"column":55}},"loc":{"start":{"line":32,"column":66},"end":{"line":38,"column":2}},"line":32},"11":{"name":"(anonymous_11)","decl":{"start":{"line":32,"column":100},"end":{"line":32,"column":101}},"loc":{"start":{"line":32,"column":113},"end":{"line":38,"column":1}},"line":32}},"branchMap":{"0":{"loc":{"start":{"line":2,"column":16},"end":{"line":10,"column":1}},"type":"binary-expr","locations":[{"start":{"line":2,"column":17},"end":{"line":2,"column":21}},{"start":{"line":2,"column":25},"end":{"line":2,"column":39}},{"start":{"line":2,"column":44},"end":{"line":10,"column":1}}],"line":2},"1":{"loc":{"start":{"line":3,"column":35},"end":{"line":3,"column":109}},"type":"cond-expr","locations":[{"start":{"line":3,"column":56},"end":{"line":3,"column":61}},{"start":{"line":3,"column":64},"end":{"line":3,"column":109}}],"line":3},"2":{"loc":{"start":{"line":4,"column":16},"end":{"line":4,"column":34}},"type":"binary-expr","locations":[{"start":{"line":4,"column":16},"end":{"line":4,"column":17}},{"start":{"line":4,"column":22},"end":{"line":4,"column":33}}],"line":4},"3":{"loc":{"start":{"line":7,"column":32},"end":{"line":7,"column":115}},"type":"cond-expr","locations":[{"start":{"line":7,"column":46},"end":{"line":7,"column":67}},{"start":{"line":7,"column":70},"end":{"line":7,"column":115}}],"line":7},"4":{"loc":{"start":{"line":8,"column":51},"end":{"line":8,"column":67}},"type":"binary-expr","locations":[{"start":{"line":8,"column":51},"end":{"line":8,"column":61}},{"start":{"line":8,"column":65},"end":{"line":8,"column":67}}],"line":8},"5":{"loc":{"start":{"line":11,"column":22},"end":{"line":13,"column":1}},"type":"binary-expr","locations":[{"start":{"line":11,"column":23},"end":{"line":11,"column":27}},{"start":{"line":11,"column":31},"end":{"line":11,"column":51}},{"start":{"line":11,"column":56},"end":{"line":13,"column":1}}],"line":11},"6":{"loc":{"start":{"line":12,"column":11},"end":{"line":12,"column":61}},"type":"cond-expr","locations":[{"start":{"line":12,"column":37},"end":{"line":12,"column":40}},{"start":{"line":12,"column":43},"end":{"line":12,"column":61}}],"line":12},"7":{"loc":{"start":{"line":12,"column":12},"end":{"line":12,"column":33}},"type":"binary-expr","locations":[{"start":{"line":12,"column":12},"end":{"line":12,"column":15}},{"start":{"line":12,"column":19},"end":{"line":12,"column":33}}],"line":12}},"s":{"0":1,"1":1,"2":1,"3":1,"4":1,"5":1,"6":0,"7":0,"8":0,"9":0,"10":2,"11":1,"12":1,"13":2,"14":1,"15":1,"16":1,"17":1,"18":0,"19":0,"20":0,"21":0,"22":0,"23":1,"24":1,"25":1,"26":1,"27":1,"28":1},"f":{"0":1,"1":1,"2":1,"3":1,"4":1,"5":0,"6":2,"7":2,"8":0,"9":0,"10":1,"11":1},"b":{"0":[1,1,1],"1":[0,1],"2":[1,1],"3":[1,1],"4":[1,1],"5":[1,1,1],"6":[0,2],"7":[2,2]},"_coverageSchema":"1a1c01bbd47fc00a2c39e90264f33305004495a9","hash":"98f8cb7096d36783dbb96c20f7a9238e449d02ca","contentHash":"c2f28e0708048bed6fadaf1a279acf7c1b233ce5ed58eceaeec588e074662076"},"D:\\practice\\fastify\\fastify_prizma\\build\\plugins\\jwt\\jwt-plugin.js":{"path":"D:\\practice\\fastify\\fastify_prizma\\build\\plugins\\jwt\\jwt-plugin.js","statementMap":{"0":{"start":{"line":2,"column":16},"end":{"line":10,"column":1}},"1":{"start":{"line":3,"column":28},"end":{"line":3,"column":110}},"2":{"start":{"line":3,"column":91},"end":{"line":3,"column":106}},"3":{"start":{"line":4,"column":4},"end":{"line":9,"column":7}},"4":{"start":{"line":5,"column":36},"end":{"line":5,"column":97}},"5":{"start":{"line":5,"column":42},"end":{"line":5,"column":70}},"6":{"start":{"line":5,"column":85},"end":{"line":5,"column":95}},"7":{"start":{"line":6,"column":35},"end":{"line":6,"column":100}},"8":{"start":{"line":6,"column":41},"end":{"line":6,"column":73}},"9":{"start":{"line":6,"column":88},"end":{"line":6,"column":98}},"10":{"start":{"line":7,"column":32},"end":{"line":7,"column":116}},"11":{"start":{"line":8,"column":8},"end":{"line":8,"column":78}},"12":{"start":{"line":11,"column":22},"end":{"line":13,"column":1}},"13":{"start":{"line":12,"column":4},"end":{"line":12,"column":62}},"14":{"start":{"line":14,"column":0},"end":{"line":14,"column":62}},"15":{"start":{"line":15,"column":0},"end":{"line":15,"column":28}},"16":{"start":{"line":16,"column":25},"end":{"line":16,"column":67}},"17":{"start":{"line":17,"column":14},"end":{"line":17,"column":54}},"18":{"start":{"line":18,"column":25},"end":{"line":18,"column":52}},"19":{"start":{"line":19,"column":18},"end":{"line":22,"column":3}},"20":{"start":{"line":19,"column":60},"end":{"line":22,"column":2}},"21":{"start":{"line":20,"column":4},"end":{"line":20,"column":74}},"22":{"start":{"line":21,"column":4},"end":{"line":21,"column":72}},"23":{"start":{"line":23,"column":0},"end":{"line":23,"column":31}}},"fnMap":{"0":{"name":"(anonymous_0)","decl":{"start":{"line":2,"column":44},"end":{"line":2,"column":45}},"loc":{"start":{"line":2,"column":89},"end":{"line":10,"column":1}},"line":2},"1":{"name":"adopt","decl":{"start":{"line":3,"column":13},"end":{"line":3,"column":18}},"loc":{"start":{"line":3,"column":26},"end":{"line":3,"column":112}},"line":3},"2":{"name":"(anonymous_2)","decl":{"start":{"line":3,"column":70},"end":{"line":3,"column":71}},"loc":{"start":{"line":3,"column":89},"end":{"line":3,"column":108}},"line":3},"3":{"name":"(anonymous_3)","decl":{"start":{"line":4,"column":36},"end":{"line":4,"column":37}},"loc":{"start":{"line":4,"column":63},"end":{"line":9,"column":5}},"line":4},"4":{"name":"fulfilled","decl":{"start":{"line":5,"column":17},"end":{"line":5,"column":26}},"loc":{"start":{"line":5,"column":34},"end":{"line":5,"column":99}},"line":5},"5":{"name":"rejected","decl":{"start":{"line":6,"column":17},"end":{"line":6,"column":25}},"loc":{"start":{"line":6,"column":33},"end":{"line":6,"column":102}},"line":6},"6":{"name":"step","decl":{"start":{"line":7,"column":17},"end":{"line":7,"column":21}},"loc":{"start":{"line":7,"column":30},"end":{"line":7,"column":118}},"line":7},"7":{"name":"(anonymous_7)","decl":{"start":{"line":11,"column":56},"end":{"line":11,"column":57}},"loc":{"start":{"line":11,"column":71},"end":{"line":13,"column":1}},"line":11},"8":{"name":"(anonymous_8)","decl":{"start":{"line":19,"column":48},"end":{"line":19,"column":49}},"loc":{"start":{"line":19,"column":60},"end":{"line":22,"column":2}},"line":19},"9":{"name":"(anonymous_9)","decl":{"start":{"line":19,"column":94},"end":{"line":19,"column":95}},"loc":{"start":{"line":19,"column":107},"end":{"line":22,"column":1}},"line":19}},"branchMap":{"0":{"loc":{"start":{"line":2,"column":16},"end":{"line":10,"column":1}},"type":"binary-expr","locations":[{"start":{"line":2,"column":17},"end":{"line":2,"column":21}},{"start":{"line":2,"column":25},"end":{"line":2,"column":39}},{"start":{"line":2,"column":44},"end":{"line":10,"column":1}}],"line":2},"1":{"loc":{"start":{"line":3,"column":35},"end":{"line":3,"column":109}},"type":"cond-expr","locations":[{"start":{"line":3,"column":56},"end":{"line":3,"column":61}},{"start":{"line":3,"column":64},"end":{"line":3,"column":109}}],"line":3},"2":{"loc":{"start":{"line":4,"column":16},"end":{"line":4,"column":34}},"type":"binary-expr","locations":[{"start":{"line":4,"column":16},"end":{"line":4,"column":17}},{"start":{"line":4,"column":22},"end":{"line":4,"column":33}}],"line":4},"3":{"loc":{"start":{"line":7,"column":32},"end":{"line":7,"column":115}},"type":"cond-expr","locations":[{"start":{"line":7,"column":46},"end":{"line":7,"column":67}},{"start":{"line":7,"column":70},"end":{"line":7,"column":115}}],"line":7},"4":{"loc":{"start":{"line":8,"column":51},"end":{"line":8,"column":67}},"type":"binary-expr","locations":[{"start":{"line":8,"column":51},"end":{"line":8,"column":61}},{"start":{"line":8,"column":65},"end":{"line":8,"column":67}}],"line":8},"5":{"loc":{"start":{"line":11,"column":22},"end":{"line":13,"column":1}},"type":"binary-expr","locations":[{"start":{"line":11,"column":23},"end":{"line":11,"column":27}},{"start":{"line":11,"column":31},"end":{"line":11,"column":51}},{"start":{"line":11,"column":56},"end":{"line":13,"column":1}}],"line":11},"6":{"loc":{"start":{"line":12,"column":11},"end":{"line":12,"column":61}},"type":"cond-expr","locations":[{"start":{"line":12,"column":37},"end":{"line":12,"column":40}},{"start":{"line":12,"column":43},"end":{"line":12,"column":61}}],"line":12},"7":{"loc":{"start":{"line":12,"column":12},"end":{"line":12,"column":33}},"type":"binary-expr","locations":[{"start":{"line":12,"column":12},"end":{"line":12,"column":15}},{"start":{"line":12,"column":19},"end":{"line":12,"column":33}}],"line":12}},"s":{"0":1,"1":0,"2":0,"3":1,"4":0,"5":0,"6":0,"7":0,"8":0,"9":0,"10":1,"11":1,"12":1,"13":2,"14":1,"15":1,"16":1,"17":1,"18":1,"19":1,"20":1,"21":1,"22":1,"23":1},"f":{"0":1,"1":0,"2":0,"3":1,"4":0,"5":0,"6":1,"7":2,"8":1,"9":1},"b":{"0":[1,1,1],"1":[0,0],"2":[1,1],"3":[1,0],"4":[1,1],"5":[1,1,1],"6":[0,2],"7":[2,2]},"_coverageSchema":"1a1c01bbd47fc00a2c39e90264f33305004495a9","hash":"abee7b76eb519e1447f51da46a61e12cff75823c","contentHash":"fdfc1abf9635b6291eab27acf59a22c04be60bb044565b67501ffd7b64d5a3e0"},"D:\\practice\\fastify\\fastify_prizma\\build\\plugins\\jwt\\jwt.controller.js":{"path":"D:\\practice\\fastify\\fastify_prizma\\build\\plugins\\jwt\\jwt.controller.js","statementMap":{"0":{"start":{"line":2,"column":16},"end":{"line":10,"column":1}},"1":{"start":{"line":3,"column":28},"end":{"line":3,"column":110}},"2":{"start":{"line":3,"column":91},"end":{"line":3,"column":106}},"3":{"start":{"line":4,"column":4},"end":{"line":9,"column":7}},"4":{"start":{"line":5,"column":36},"end":{"line":5,"column":97}},"5":{"start":{"line":5,"column":42},"end":{"line":5,"column":70}},"6":{"start":{"line":5,"column":85},"end":{"line":5,"column":95}},"7":{"start":{"line":6,"column":35},"end":{"line":6,"column":100}},"8":{"start":{"line":6,"column":41},"end":{"line":6,"column":73}},"9":{"start":{"line":6,"column":88},"end":{"line":6,"column":98}},"10":{"start":{"line":7,"column":32},"end":{"line":7,"column":116}},"11":{"start":{"line":8,"column":8},"end":{"line":8,"column":78}},"12":{"start":{"line":11,"column":0},"end":{"line":11,"column":62}},"13":{"start":{"line":12,"column":0},"end":{"line":12,"column":37}},"14":{"start":{"line":14,"column":4},"end":{"line":24,"column":7}},"15":{"start":{"line":15,"column":8},"end":{"line":17,"column":9}},"16":{"start":{"line":16,"column":12},"end":{"line":16,"column":92}},"17":{"start":{"line":18,"column":8},"end":{"line":23,"column":9}},"18":{"start":{"line":19,"column":12},"end":{"line":19,"column":38}},"19":{"start":{"line":22,"column":12},"end":{"line":22,"column":47}},"20":{"start":{"line":26,"column":0},"end":{"line":26,"column":45}}},"fnMap":{"0":{"name":"(anonymous_0)","decl":{"start":{"line":2,"column":44},"end":{"line":2,"column":45}},"loc":{"start":{"line":2,"column":89},"end":{"line":10,"column":1}},"line":2},"1":{"name":"adopt","decl":{"start":{"line":3,"column":13},"end":{"line":3,"column":18}},"loc":{"start":{"line":3,"column":26},"end":{"line":3,"column":112}},"line":3},"2":{"name":"(anonymous_2)","decl":{"start":{"line":3,"column":70},"end":{"line":3,"column":71}},"loc":{"start":{"line":3,"column":89},"end":{"line":3,"column":108}},"line":3},"3":{"name":"(anonymous_3)","decl":{"start":{"line":4,"column":36},"end":{"line":4,"column":37}},"loc":{"start":{"line":4,"column":63},"end":{"line":9,"column":5}},"line":4},"4":{"name":"fulfilled","decl":{"start":{"line":5,"column":17},"end":{"line":5,"column":26}},"loc":{"start":{"line":5,"column":34},"end":{"line":5,"column":99}},"line":5},"5":{"name":"rejected","decl":{"start":{"line":6,"column":17},"end":{"line":6,"column":25}},"loc":{"start":{"line":6,"column":33},"end":{"line":6,"column":102}},"line":6},"6":{"name":"step","decl":{"start":{"line":7,"column":17},"end":{"line":7,"column":21}},"loc":{"start":{"line":7,"column":30},"end":{"line":7,"column":118}},"line":7},"7":{"name":"authentication","decl":{"start":{"line":13,"column":9},"end":{"line":13,"column":23}},"loc":{"start":{"line":13,"column":40},"end":{"line":25,"column":1}},"line":13},"8":{"name":"(anonymous_8)","decl":{"start":{"line":14,"column":43},"end":{"line":14,"column":44}},"loc":{"start":{"line":14,"column":56},"end":{"line":24,"column":5}},"line":14}},"branchMap":{"0":{"loc":{"start":{"line":2,"column":16},"end":{"line":10,"column":1}},"type":"binary-expr","locations":[{"start":{"line":2,"column":17},"end":{"line":2,"column":21}},{"start":{"line":2,"column":25},"end":{"line":2,"column":39}},{"start":{"line":2,"column":44},"end":{"line":10,"column":1}}],"line":2},"1":{"loc":{"start":{"line":3,"column":35},"end":{"line":3,"column":109}},"type":"cond-expr","locations":[{"start":{"line":3,"column":56},"end":{"line":3,"column":61}},{"start":{"line":3,"column":64},"end":{"line":3,"column":109}}],"line":3},"2":{"loc":{"start":{"line":4,"column":16},"end":{"line":4,"column":34}},"type":"binary-expr","locations":[{"start":{"line":4,"column":16},"end":{"line":4,"column":17}},{"start":{"line":4,"column":22},"end":{"line":4,"column":33}}],"line":4},"3":{"loc":{"start":{"line":7,"column":32},"end":{"line":7,"column":115}},"type":"cond-expr","locations":[{"start":{"line":7,"column":46},"end":{"line":7,"column":67}},{"start":{"line":7,"column":70},"end":{"line":7,"column":115}}],"line":7},"4":{"loc":{"start":{"line":8,"column":51},"end":{"line":8,"column":67}},"type":"binary-expr","locations":[{"start":{"line":8,"column":51},"end":{"line":8,"column":61}},{"start":{"line":8,"column":65},"end":{"line":8,"column":67}}],"line":8},"5":{"loc":{"start":{"line":15,"column":8},"end":{"line":17,"column":9}},"type":"if","locations":[{"start":{"line":15,"column":8},"end":{"line":17,"column":9}},{"start":{"line":15,"column":8},"end":{"line":17,"column":9}}],"line":15}},"s":{"0":1,"1":0,"2":0,"3":0,"4":0,"5":0,"6":0,"7":0,"8":0,"9":0,"10":0,"11":0,"12":1,"13":1,"14":0,"15":0,"16":0,"17":0,"18":0,"19":0,"20":1},"f":{"0":0,"1":0,"2":0,"3":0,"4":0,"5":0,"6":0,"7":0,"8":0},"b":{"0":[1,1,1],"1":[0,0],"2":[0,0],"3":[0,0],"4":[0,0],"5":[0,0]},"_coverageSchema":"1a1c01bbd47fc00a2c39e90264f33305004495a9","hash":"591281a4e317d0d4499706421a973367cd0cbc9e","contentHash":"d7bbed453d6dc9b59b518ed31d0a2df036de7570f36485040a67daa95a25bbbc"},"D:\\practice\\fastify\\fastify_prizma\\build\\plugins\\swagger-plugin.js":{"path":"D:\\practice\\fastify\\fastify_prizma\\build\\plugins\\swagger-plugin.js","statementMap":{"0":{"start":{"line":2,"column":16},"end":{"line":10,"column":1}},"1":{"start":{"line":3,"column":28},"end":{"line":3,"column":110}},"2":{"start":{"line":3,"column":91},"end":{"line":3,"column":106}},"3":{"start":{"line":4,"column":4},"end":{"line":9,"column":7}},"4":{"start":{"line":5,"column":36},"end":{"line":5,"column":97}},"5":{"start":{"line":5,"column":42},"end":{"line":5,"column":70}},"6":{"start":{"line":5,"column":85},"end":{"line":5,"column":95}},"7":{"start":{"line":6,"column":35},"end":{"line":6,"column":100}},"8":{"start":{"line":6,"column":41},"end":{"line":6,"column":73}},"9":{"start":{"line":6,"column":88},"end":{"line":6,"column":98}},"10":{"start":{"line":7,"column":32},"end":{"line":7,"column":116}},"11":{"start":{"line":8,"column":8},"end":{"line":8,"column":78}},"12":{"start":{"line":11,"column":22},"end":{"line":13,"column":1}},"13":{"start":{"line":12,"column":4},"end":{"line":12,"column":62}},"14":{"start":{"line":14,"column":0},"end":{"line":14,"column":62}},"15":{"start":{"line":15,"column":0},"end":{"line":15,"column":31}},"16":{"start":{"line":16,"column":25},"end":{"line":16,"column":67}},"17":{"start":{"line":17,"column":18},"end":{"line":17,"column":62}},"18":{"start":{"line":18,"column":21},"end":{"line":18,"column":68}},"19":{"start":{"line":19,"column":22},"end":{"line":36,"column":3}},"20":{"start":{"line":19,"column":64},"end":{"line":36,"column":2}},"21":{"start":{"line":20,"column":4},"end":{"line":20,"column":39}},"22":{"start":{"line":21,"column":4},"end":{"line":35,"column":7}},"23":{"start":{"line":28,"column":57},"end":{"line":28,"column":64}},"24":{"start":{"line":29,"column":58},"end":{"line":29,"column":65}},"25":{"start":{"line":32,"column":40},"end":{"line":32,"column":46}},"26":{"start":{"line":33,"column":69},"end":{"line":33,"column":90}},"27":{"start":{"line":37,"column":0},"end":{"line":37,"column":38}}},"fnMap":{"0":{"name":"(anonymous_0)","decl":{"start":{"line":2,"column":44},"end":{"line":2,"column":45}},"loc":{"start":{"line":2,"column":89},"end":{"line":10,"column":1}},"line":2},"1":{"name":"adopt","decl":{"start":{"line":3,"column":13},"end":{"line":3,"column":18}},"loc":{"start":{"line":3,"column":26},"end":{"line":3,"column":112}},"line":3},"2":{"name":"(anonymous_2)","decl":{"start":{"line":3,"column":70},"end":{"line":3,"column":71}},"loc":{"start":{"line":3,"column":89},"end":{"line":3,"column":108}},"line":3},"3":{"name":"(anonymous_3)","decl":{"start":{"line":4,"column":36},"end":{"line":4,"column":37}},"loc":{"start":{"line":4,"column":63},"end":{"line":9,"column":5}},"line":4},"4":{"name":"fulfilled","decl":{"start":{"line":5,"column":17},"end":{"line":5,"column":26}},"loc":{"start":{"line":5,"column":34},"end":{"line":5,"column":99}},"line":5},"5":{"name":"rejected","decl":{"start":{"line":6,"column":17},"end":{"line":6,"column":25}},"loc":{"start":{"line":6,"column":33},"end":{"line":6,"column":102}},"line":6},"6":{"name":"step","decl":{"start":{"line":7,"column":17},"end":{"line":7,"column":21}},"loc":{"start":{"line":7,"column":30},"end":{"line":7,"column":118}},"line":7},"7":{"name":"(anonymous_7)","decl":{"start":{"line":11,"column":56},"end":{"line":11,"column":57}},"loc":{"start":{"line":11,"column":71},"end":{"line":13,"column":1}},"line":11},"8":{"name":"(anonymous_8)","decl":{"start":{"line":19,"column":52},"end":{"line":19,"column":53}},"loc":{"start":{"line":19,"column":64},"end":{"line":36,"column":2}},"line":19},"9":{"name":"(anonymous_9)","decl":{"start":{"line":19,"column":98},"end":{"line":19,"column":99}},"loc":{"start":{"line":19,"column":111},"end":{"line":36,"column":1}},"line":19},"10":{"name":"(anonymous_10)","decl":{"start":{"line":28,"column":23},"end":{"line":28,"column":24}},"loc":{"start":{"line":28,"column":55},"end":{"line":28,"column":66}},"line":28},"11":{"name":"(anonymous_11)","decl":{"start":{"line":29,"column":24},"end":{"line":29,"column":25}},"loc":{"start":{"line":29,"column":56},"end":{"line":29,"column":67}},"line":29},"12":{"name":"(anonymous_12)","decl":{"start":{"line":32,"column":28},"end":{"line":32,"column":29}},"loc":{"start":{"line":32,"column":40},"end":{"line":32,"column":46}},"line":32},"13":{"name":"(anonymous_13)","decl":{"start":{"line":33,"column":32},"end":{"line":33,"column":33}},"loc":{"start":{"line":33,"column":67},"end":{"line":33,"column":92}},"line":33}},"branchMap":{"0":{"loc":{"start":{"line":2,"column":16},"end":{"line":10,"column":1}},"type":"binary-expr","locations":[{"start":{"line":2,"column":17},"end":{"line":2,"column":21}},{"start":{"line":2,"column":25},"end":{"line":2,"column":39}},{"start":{"line":2,"column":44},"end":{"line":10,"column":1}}],"line":2},"1":{"loc":{"start":{"line":3,"column":35},"end":{"line":3,"column":109}},"type":"cond-expr","locations":[{"start":{"line":3,"column":56},"end":{"line":3,"column":61}},{"start":{"line":3,"column":64},"end":{"line":3,"column":109}}],"line":3},"2":{"loc":{"start":{"line":4,"column":16},"end":{"line":4,"column":34}},"type":"binary-expr","locations":[{"start":{"line":4,"column":16},"end":{"line":4,"column":17}},{"start":{"line":4,"column":22},"end":{"line":4,"column":33}}],"line":4},"3":{"loc":{"start":{"line":7,"column":32},"end":{"line":7,"column":115}},"type":"cond-expr","locations":[{"start":{"line":7,"column":46},"end":{"line":7,"column":67}},{"start":{"line":7,"column":70},"end":{"line":7,"column":115}}],"line":7},"4":{"loc":{"start":{"line":8,"column":51},"end":{"line":8,"column":67}},"type":"binary-expr","locations":[{"start":{"line":8,"column":51},"end":{"line":8,"column":61}},{"start":{"line":8,"column":65},"end":{"line":8,"column":67}}],"line":8},"5":{"loc":{"start":{"line":11,"column":22},"end":{"line":13,"column":1}},"type":"binary-expr","locations":[{"start":{"line":11,"column":23},"end":{"line":11,"column":27}},{"start":{"line":11,"column":31},"end":{"line":11,"column":51}},{"start":{"line":11,"column":56},"end":{"line":13,"column":1}}],"line":11},"6":{"loc":{"start":{"line":12,"column":11},"end":{"line":12,"column":61}},"type":"cond-expr","locations":[{"start":{"line":12,"column":37},"end":{"line":12,"column":40}},{"start":{"line":12,"column":43},"end":{"line":12,"column":61}}],"line":12},"7":{"loc":{"start":{"line":12,"column":12},"end":{"line":12,"column":33}},"type":"binary-expr","locations":[{"start":{"line":12,"column":12},"end":{"line":12,"column":15}},{"start":{"line":12,"column":19},"end":{"line":12,"column":33}}],"line":12}},"s":{"0":1,"1":0,"2":0,"3":1,"4":0,"5":0,"6":0,"7":0,"8":0,"9":0,"10":1,"11":1,"12":1,"13":3,"14":1,"15":1,"16":1,"17":1,"18":1,"19":1,"20":1,"21":1,"22":1,"23":0,"24":0,"25":0,"26":0,"27":1},"f":{"0":1,"1":0,"2":0,"3":1,"4":0,"5":0,"6":1,"7":3,"8":1,"9":1,"10":0,"11":0,"12":0,"13":0},"b":{"0":[1,1,1],"1":[0,0],"2":[1,1],"3":[1,0],"4":[1,1],"5":[1,1,1],"6":[0,3],"7":[3,3]},"_coverageSchema":"1a1c01bbd47fc00a2c39e90264f33305004495a9","hash":"9f78d4fc78d8e8fade551bec868fbddba11492d2","contentHash":"1ba321b70f9df03cc7bca16bddee261eda9574979320b3d84302ea089c34f72b"},"D:\\practice\\fastify\\fastify_prizma\\build\\plugins\\shutdown.js":{"path":"D:\\practice\\fastify\\fastify_prizma\\build\\plugins\\shutdown.js","statementMap":{"0":{"start":{"line":2,"column":16},"end":{"line":10,"column":1}},"1":{"start":{"line":3,"column":28},"end":{"line":3,"column":110}},"2":{"start":{"line":3,"column":91},"end":{"line":3,"column":106}},"3":{"start":{"line":4,"column":4},"end":{"line":9,"column":7}},"4":{"start":{"line":5,"column":36},"end":{"line":5,"column":97}},"5":{"start":{"line":5,"column":42},"end":{"line":5,"column":70}},"6":{"start":{"line":5,"column":85},"end":{"line":5,"column":95}},"7":{"start":{"line":6,"column":35},"end":{"line":6,"column":100}},"8":{"start":{"line":6,"column":41},"end":{"line":6,"column":73}},"9":{"start":{"line":6,"column":88},"end":{"line":6,"column":98}},"10":{"start":{"line":7,"column":32},"end":{"line":7,"column":116}},"11":{"start":{"line":8,"column":8},"end":{"line":8,"column":78}},"12":{"start":{"line":11,"column":0},"end":{"line":11,"column":62}},"13":{"start":{"line":12,"column":0},"end":{"line":12,"column":32}},"14":{"start":{"line":13,"column":17},"end":{"line":16,"column":2}},"15":{"start":{"line":13,"column":38},"end":{"line":16,"column":2}},"16":{"start":{"line":14,"column":4},"end":{"line":14,"column":47}},"17":{"start":{"line":14,"column":31},"end":{"line":14,"column":45}},"18":{"start":{"line":15,"column":4},"end":{"line":15,"column":48}},"19":{"start":{"line":15,"column":32},"end":{"line":15,"column":46}},"20":{"start":{"line":17,"column":0},"end":{"line":17,"column":34}}},"fnMap":{"0":{"name":"(anonymous_0)","decl":{"start":{"line":2,"column":44},"end":{"line":2,"column":45}},"loc":{"start":{"line":2,"column":89},"end":{"line":10,"column":1}},"line":2},"1":{"name":"adopt","decl":{"start":{"line":3,"column":13},"end":{"line":3,"column":18}},"loc":{"start":{"line":3,"column":26},"end":{"line":3,"column":112}},"line":3},"2":{"name":"(anonymous_2)","decl":{"start":{"line":3,"column":70},"end":{"line":3,"column":71}},"loc":{"start":{"line":3,"column":89},"end":{"line":3,"column":108}},"line":3},"3":{"name":"(anonymous_3)","decl":{"start":{"line":4,"column":36},"end":{"line":4,"column":37}},"loc":{"start":{"line":4,"column":63},"end":{"line":9,"column":5}},"line":4},"4":{"name":"fulfilled","decl":{"start":{"line":5,"column":17},"end":{"line":5,"column":26}},"loc":{"start":{"line":5,"column":34},"end":{"line":5,"column":99}},"line":5},"5":{"name":"rejected","decl":{"start":{"line":6,"column":17},"end":{"line":6,"column":25}},"loc":{"start":{"line":6,"column":33},"end":{"line":6,"column":102}},"line":6},"6":{"name":"step","decl":{"start":{"line":7,"column":17},"end":{"line":7,"column":21}},"loc":{"start":{"line":7,"column":30},"end":{"line":7,"column":118}},"line":7},"7":{"name":"(anonymous_7)","decl":{"start":{"line":13,"column":17},"end":{"line":13,"column":18}},"loc":{"start":{"line":13,"column":38},"end":{"line":16,"column":2}},"line":13},"8":{"name":"(anonymous_8)","decl":{"start":{"line":13,"column":72},"end":{"line":13,"column":73}},"loc":{"start":{"line":13,"column":85},"end":{"line":16,"column":1}},"line":13},"9":{"name":"(anonymous_9)","decl":{"start":{"line":14,"column":25},"end":{"line":14,"column":26}},"loc":{"start":{"line":14,"column":31},"end":{"line":14,"column":45}},"line":14},"10":{"name":"(anonymous_10)","decl":{"start":{"line":15,"column":26},"end":{"line":15,"column":27}},"loc":{"start":{"line":15,"column":32},"end":{"line":15,"column":46}},"line":15}},"branchMap":{"0":{"loc":{"start":{"line":2,"column":16},"end":{"line":10,"column":1}},"type":"binary-expr","locations":[{"start":{"line":2,"column":17},"end":{"line":2,"column":21}},{"start":{"line":2,"column":25},"end":{"line":2,"column":39}},{"start":{"line":2,"column":44},"end":{"line":10,"column":1}}],"line":2},"1":{"loc":{"start":{"line":3,"column":35},"end":{"line":3,"column":109}},"type":"cond-expr","locations":[{"start":{"line":3,"column":56},"end":{"line":3,"column":61}},{"start":{"line":3,"column":64},"end":{"line":3,"column":109}}],"line":3},"2":{"loc":{"start":{"line":4,"column":16},"end":{"line":4,"column":34}},"type":"binary-expr","locations":[{"start":{"line":4,"column":16},"end":{"line":4,"column":17}},{"start":{"line":4,"column":22},"end":{"line":4,"column":33}}],"line":4},"3":{"loc":{"start":{"line":7,"column":32},"end":{"line":7,"column":115}},"type":"cond-expr","locations":[{"start":{"line":7,"column":46},"end":{"line":7,"column":67}},{"start":{"line":7,"column":70},"end":{"line":7,"column":115}}],"line":7},"4":{"loc":{"start":{"line":8,"column":51},"end":{"line":8,"column":67}},"type":"binary-expr","locations":[{"start":{"line":8,"column":51},"end":{"line":8,"column":61}},{"start":{"line":8,"column":65},"end":{"line":8,"column":67}}],"line":8}},"s":{"0":1,"1":0,"2":0,"3":1,"4":0,"5":0,"6":0,"7":0,"8":0,"9":0,"10":1,"11":1,"12":1,"13":1,"14":1,"15":1,"16":1,"17":0,"18":1,"19":0,"20":1},"f":{"0":1,"1":0,"2":0,"3":1,"4":0,"5":0,"6":1,"7":1,"8":1,"9":0,"10":0},"b":{"0":[1,1,1],"1":[0,0],"2":[1,1],"3":[1,0],"4":[1,1]},"_coverageSchema":"1a1c01bbd47fc00a2c39e90264f33305004495a9","hash":"ca75aa125ca8f920a0e40d937c1d12fce747659b","contentHash":"bd5bd1030cd947ab64f5c08b2bd51a3dadd17054b11c6e0f707e5669b426d8eb"},"D:\\practice\\fastify\\fastify_prizma\\build\\plugins\\mercurius-plugin.js":{"path":"D:\\practice\\fastify\\fastify_prizma\\build\\plugins\\mercurius-plugin.js","statementMap":{"0":{"start":{"line":2,"column":16},"end":{"line":10,"column":1}},"1":{"start":{"line":3,"column":28},"end":{"line":3,"column":110}},"2":{"start":{"line":3,"column":91},"end":{"line":3,"column":106}},"3":{"start":{"line":4,"column":4},"end":{"line":9,"column":7}},"4":{"start":{"line":5,"column":36},"end":{"line":5,"column":97}},"5":{"start":{"line":5,"column":42},"end":{"line":5,"column":70}},"6":{"start":{"line":5,"column":85},"end":{"line":5,"column":95}},"7":{"start":{"line":6,"column":35},"end":{"line":6,"column":100}},"8":{"start":{"line":6,"column":41},"end":{"line":6,"column":73}},"9":{"start":{"line":6,"column":88},"end":{"line":6,"column":98}},"10":{"start":{"line":7,"column":32},"end":{"line":7,"column":116}},"11":{"start":{"line":8,"column":8},"end":{"line":8,"column":78}},"12":{"start":{"line":11,"column":22},"end":{"line":13,"column":1}},"13":{"start":{"line":12,"column":4},"end":{"line":12,"column":62}},"14":{"start":{"line":14,"column":0},"end":{"line":14,"column":62}},"15":{"start":{"line":15,"column":0},"end":{"line":15,"column":33}},"16":{"start":{"line":16,"column":25},"end":{"line":16,"column":67}},"17":{"start":{"line":17,"column":20},"end":{"line":17,"column":57}},"18":{"start":{"line":18,"column":15},"end":{"line":18,"column":47}},"19":{"start":{"line":19,"column":13},"end":{"line":19,"column":43}},"20":{"start":{"line":20,"column":18},"end":{"line":20,"column":36}},"21":{"start":{"line":21,"column":24},"end":{"line":45,"column":3}},"22":{"start":{"line":21,"column":66},"end":{"line":45,"column":2}},"23":{"start":{"line":22,"column":20},"end":{"line":22,"column":41}},"24":{"start":{"line":23,"column":4},"end":{"line":25,"column":7}},"25":{"start":{"line":24,"column":22},"end":{"line":24,"column":24}},"26":{"start":{"line":26,"column":19},"end":{"line":26,"column":39}},"27":{"start":{"line":28,"column":27},"end":{"line":28,"column":101}},"28":{"start":{"line":29,"column":4},"end":{"line":31,"column":5}},"29":{"start":{"line":30,"column":8},"end":{"line":30,"column":103}},"30":{"start":{"line":32,"column":4},"end":{"line":44,"column":7}},"31":{"start":{"line":37,"column":12},"end":{"line":41,"column":14}},"32":{"start":{"line":46,"column":0},"end":{"line":46,"column":42}}},"fnMap":{"0":{"name":"(anonymous_0)","decl":{"start":{"line":2,"column":44},"end":{"line":2,"column":45}},"loc":{"start":{"line":2,"column":89},"end":{"line":10,"column":1}},"line":2},"1":{"name":"adopt","decl":{"start":{"line":3,"column":13},"end":{"line":3,"column":18}},"loc":{"start":{"line":3,"column":26},"end":{"line":3,"column":112}},"line":3},"2":{"name":"(anonymous_2)","decl":{"start":{"line":3,"column":70},"end":{"line":3,"column":71}},"loc":{"start":{"line":3,"column":89},"end":{"line":3,"column":108}},"line":3},"3":{"name":"(anonymous_3)","decl":{"start":{"line":4,"column":36},"end":{"line":4,"column":37}},"loc":{"start":{"line":4,"column":63},"end":{"line":9,"column":5}},"line":4},"4":{"name":"fulfilled","decl":{"start":{"line":5,"column":17},"end":{"line":5,"column":26}},"loc":{"start":{"line":5,"column":34},"end":{"line":5,"column":99}},"line":5},"5":{"name":"rejected","decl":{"start":{"line":6,"column":17},"end":{"line":6,"column":25}},"loc":{"start":{"line":6,"column":33},"end":{"line":6,"column":102}},"line":6},"6":{"name":"step","decl":{"start":{"line":7,"column":17},"end":{"line":7,"column":21}},"loc":{"start":{"line":7,"column":30},"end":{"line":7,"column":118}},"line":7},"7":{"name":"(anonymous_7)","decl":{"start":{"line":11,"column":56},"end":{"line":11,"column":57}},"loc":{"start":{"line":11,"column":71},"end":{"line":13,"column":1}},"line":11},"8":{"name":"(anonymous_8)","decl":{"start":{"line":21,"column":54},"end":{"line":21,"column":55}},"loc":{"start":{"line":21,"column":66},"end":{"line":45,"column":2}},"line":21},"9":{"name":"(anonymous_9)","decl":{"start":{"line":21,"column":100},"end":{"line":21,"column":101}},"loc":{"start":{"line":21,"column":113},"end":{"line":45,"column":1}},"line":21},"10":{"name":"(anonymous_10)","decl":{"start":{"line":24,"column":16},"end":{"line":24,"column":17}},"loc":{"start":{"line":24,"column":22},"end":{"line":24,"column":24}},"line":24},"11":{"name":"(anonymous_11)","decl":{"start":{"line":36,"column":17},"end":{"line":36,"column":18}},"loc":{"start":{"line":36,"column":37},"end":{"line":42,"column":9}},"line":36}},"branchMap":{"0":{"loc":{"start":{"line":2,"column":16},"end":{"line":10,"column":1}},"type":"binary-expr","locations":[{"start":{"line":2,"column":17},"end":{"line":2,"column":21}},{"start":{"line":2,"column":25},"end":{"line":2,"column":39}},{"start":{"line":2,"column":44},"end":{"line":10,"column":1}}],"line":2},"1":{"loc":{"start":{"line":3,"column":35},"end":{"line":3,"column":109}},"type":"cond-expr","locations":[{"start":{"line":3,"column":56},"end":{"line":3,"column":61}},{"start":{"line":3,"column":64},"end":{"line":3,"column":109}}],"line":3},"2":{"loc":{"start":{"line":4,"column":16},"end":{"line":4,"column":34}},"type":"binary-expr","locations":[{"start":{"line":4,"column":16},"end":{"line":4,"column":17}},{"start":{"line":4,"column":22},"end":{"line":4,"column":33}}],"line":4},"3":{"loc":{"start":{"line":7,"column":32},"end":{"line":7,"column":115}},"type":"cond-expr","locations":[{"start":{"line":7,"column":46},"end":{"line":7,"column":67}},{"start":{"line":7,"column":70},"end":{"line":7,"column":115}}],"line":7},"4":{"loc":{"start":{"line":8,"column":51},"end":{"line":8,"column":67}},"type":"binary-expr","locations":[{"start":{"line":8,"column":51},"end":{"line":8,"column":61}},{"start":{"line":8,"column":65},"end":{"line":8,"column":67}}],"line":8},"5":{"loc":{"start":{"line":11,"column":22},"end":{"line":13,"column":1}},"type":"binary-expr","locations":[{"start":{"line":11,"column":23},"end":{"line":11,"column":27}},{"start":{"line":11,"column":31},"end":{"line":11,"column":51}},{"start":{"line":11,"column":56},"end":{"line":13,"column":1}}],"line":11},"6":{"loc":{"start":{"line":12,"column":11},"end":{"line":12,"column":61}},"type":"cond-expr","locations":[{"start":{"line":12,"column":37},"end":{"line":12,"column":40}},{"start":{"line":12,"column":43},"end":{"line":12,"column":61}}],"line":12},"7":{"loc":{"start":{"line":12,"column":12},"end":{"line":12,"column":33}},"type":"binary-expr","locations":[{"start":{"line":12,"column":12},"end":{"line":12,"column":15}},{"start":{"line":12,"column":19},"end":{"line":12,"column":33}}],"line":12},"8":{"loc":{"start":{"line":29,"column":4},"end":{"line":31,"column":5}},"type":"if","locations":[{"start":{"line":29,"column":4},"end":{"line":31,"column":5}},{"start":{"line":29,"column":4},"end":{"line":31,"column":5}}],"line":29}},"s":{"0":1,"1":0,"2":0,"3":1,"4":0,"5":0,"6":0,"7":0,"8":0,"9":0,"10":1,"11":1,"12":1,"13":4,"14":1,"15":1,"16":1,"17":1,"18":1,"19":1,"20":1,"21":1,"22":1,"23":1,"24":1,"25":1,"26":1,"27":1,"28":1,"29":1,"30":1,"31":0,"32":1},"f":{"0":1,"1":0,"2":0,"3":1,"4":0,"5":0,"6":1,"7":4,"8":1,"9":1,"10":1,"11":0},"b":{"0":[1,1,1],"1":[0,0],"2":[1,1],"3":[1,0],"4":[1,1],"5":[1,1,1],"6":[0,4],"7":[4,4],"8":[1,0]},"_coverageSchema":"1a1c01bbd47fc00a2c39e90264f33305004495a9","hash":"9e8f4ca6bd060c45a6a689dc51f53b2f93994793","contentHash":"4e9f1f732df96c0e83dfabef4ce9ae88df72091b60e804871d00792ac2d2e5f3"},"D:\\practice\\fastify\\fastify_prizma\\build\\plugins\\pothos-plugin.js":{"path":"D:\\practice\\fastify\\fastify_prizma\\build\\plugins\\pothos-plugin.js","statementMap":{"0":{"start":{"line":2,"column":16},"end":{"line":10,"column":1}},"1":{"start":{"line":3,"column":28},"end":{"line":3,"column":110}},"2":{"start":{"line":3,"column":91},"end":{"line":3,"column":106}},"3":{"start":{"line":4,"column":4},"end":{"line":9,"column":7}},"4":{"start":{"line":5,"column":36},"end":{"line":5,"column":97}},"5":{"start":{"line":5,"column":42},"end":{"line":5,"column":70}},"6":{"start":{"line":5,"column":85},"end":{"line":5,"column":95}},"7":{"start":{"line":6,"column":35},"end":{"line":6,"column":100}},"8":{"start":{"line":6,"column":41},"end":{"line":6,"column":73}},"9":{"start":{"line":6,"column":88},"end":{"line":6,"column":98}},"10":{"start":{"line":7,"column":32},"end":{"line":7,"column":116}},"11":{"start":{"line":8,"column":8},"end":{"line":8,"column":78}},"12":{"start":{"line":11,"column":22},"end":{"line":13,"column":1}},"13":{"start":{"line":12,"column":4},"end":{"line":12,"column":62}},"14":{"start":{"line":14,"column":0},"end":{"line":14,"column":62}},"15":{"start":{"line":15,"column":0},"end":{"line":15,"column":30}},"16":{"start":{"line":16,"column":25},"end":{"line":16,"column":67}},"17":{"start":{"line":17,"column":15},"end":{"line":17,"column":55}},"18":{"start":{"line":18,"column":24},"end":{"line":18,"column":73}},"19":{"start":{"line":19,"column":17},"end":{"line":19,"column":42}},"20":{"start":{"line":21,"column":4},"end":{"line":33,"column":7}},"21":{"start":{"line":22,"column":24},"end":{"line":31,"column":10}},"22":{"start":{"line":32,"column":8},"end":{"line":32,"column":23}},"23":{"start":{"line":35,"column":21},"end":{"line":38,"column":3}},"24":{"start":{"line":35,"column":63},"end":{"line":38,"column":2}},"25":{"start":{"line":36,"column":20},"end":{"line":36,"column":52}},"26":{"start":{"line":37,"column":4},"end":{"line":37,"column":43}},"27":{"start":{"line":39,"column":0},"end":{"line":39,"column":36}}},"fnMap":{"0":{"name":"(anonymous_0)","decl":{"start":{"line":2,"column":44},"end":{"line":2,"column":45}},"loc":{"start":{"line":2,"column":89},"end":{"line":10,"column":1}},"line":2},"1":{"name":"adopt","decl":{"start":{"line":3,"column":13},"end":{"line":3,"column":18}},"loc":{"start":{"line":3,"column":26},"end":{"line":3,"column":112}},"line":3},"2":{"name":"(anonymous_2)","decl":{"start":{"line":3,"column":70},"end":{"line":3,"column":71}},"loc":{"start":{"line":3,"column":89},"end":{"line":3,"column":108}},"line":3},"3":{"name":"(anonymous_3)","decl":{"start":{"line":4,"column":36},"end":{"line":4,"column":37}},"loc":{"start":{"line":4,"column":63},"end":{"line":9,"column":5}},"line":4},"4":{"name":"fulfilled","decl":{"start":{"line":5,"column":17},"end":{"line":5,"column":26}},"loc":{"start":{"line":5,"column":34},"end":{"line":5,"column":99}},"line":5},"5":{"name":"rejected","decl":{"start":{"line":6,"column":17},"end":{"line":6,"column":25}},"loc":{"start":{"line":6,"column":33},"end":{"line":6,"column":102}},"line":6},"6":{"name":"step","decl":{"start":{"line":7,"column":17},"end":{"line":7,"column":21}},"loc":{"start":{"line":7,"column":30},"end":{"line":7,"column":118}},"line":7},"7":{"name":"(anonymous_7)","decl":{"start":{"line":11,"column":56},"end":{"line":11,"column":57}},"loc":{"start":{"line":11,"column":71},"end":{"line":13,"column":1}},"line":11},"8":{"name":"initBuilder","decl":{"start":{"line":20,"column":9},"end":{"line":20,"column":20}},"loc":{"start":{"line":20,"column":29},"end":{"line":34,"column":1}},"line":20},"9":{"name":"(anonymous_9)","decl":{"start":{"line":21,"column":43},"end":{"line":21,"column":44}},"loc":{"start":{"line":21,"column":56},"end":{"line":33,"column":5}},"line":21},"10":{"name":"(anonymous_10)","decl":{"start":{"line":35,"column":51},"end":{"line":35,"column":52}},"loc":{"start":{"line":35,"column":63},"end":{"line":38,"column":2}},"line":35},"11":{"name":"(anonymous_11)","decl":{"start":{"line":35,"column":97},"end":{"line":35,"column":98}},"loc":{"start":{"line":35,"column":110},"end":{"line":38,"column":1}},"line":35}},"branchMap":{"0":{"loc":{"start":{"line":2,"column":16},"end":{"line":10,"column":1}},"type":"binary-expr","locations":[{"start":{"line":2,"column":17},"end":{"line":2,"column":21}},{"start":{"line":2,"column":25},"end":{"line":2,"column":39}},{"start":{"line":2,"column":44},"end":{"line":10,"column":1}}],"line":2},"1":{"loc":{"start":{"line":3,"column":35},"end":{"line":3,"column":109}},"type":"cond-expr","locations":[{"start":{"line":3,"column":56},"end":{"line":3,"column":61}},{"start":{"line":3,"column":64},"end":{"line":3,"column":109}}],"line":3},"2":{"loc":{"start":{"line":4,"column":16},"end":{"line":4,"column":34}},"type":"binary-expr","locations":[{"start":{"line":4,"column":16},"end":{"line":4,"column":17}},{"start":{"line":4,"column":22},"end":{"line":4,"column":33}}],"line":4},"3":{"loc":{"start":{"line":7,"column":32},"end":{"line":7,"column":115}},"type":"cond-expr","locations":[{"start":{"line":7,"column":46},"end":{"line":7,"column":67}},{"start":{"line":7,"column":70},"end":{"line":7,"column":115}}],"line":7},"4":{"loc":{"start":{"line":8,"column":51},"end":{"line":8,"column":67}},"type":"binary-expr","locations":[{"start":{"line":8,"column":51},"end":{"line":8,"column":61}},{"start":{"line":8,"column":65},"end":{"line":8,"column":67}}],"line":8},"5":{"loc":{"start":{"line":11,"column":22},"end":{"line":13,"column":1}},"type":"binary-expr","locations":[{"start":{"line":11,"column":23},"end":{"line":11,"column":27}},{"start":{"line":11,"column":31},"end":{"line":11,"column":51}},{"start":{"line":11,"column":56},"end":{"line":13,"column":1}}],"line":11},"6":{"loc":{"start":{"line":12,"column":11},"end":{"line":12,"column":61}},"type":"cond-expr","locations":[{"start":{"line":12,"column":37},"end":{"line":12,"column":40}},{"start":{"line":12,"column":43},"end":{"line":12,"column":61}}],"line":12},"7":{"loc":{"start":{"line":12,"column":12},"end":{"line":12,"column":33}},"type":"binary-expr","locations":[{"start":{"line":12,"column":12},"end":{"line":12,"column":15}},{"start":{"line":12,"column":19},"end":{"line":12,"column":33}}],"line":12}},"s":{"0":1,"1":2,"2":1,"3":2,"4":2,"5":2,"6":0,"7":0,"8":0,"9":0,"10":4,"11":2,"12":1,"13":3,"14":1,"15":1,"16":1,"17":1,"18":1,"19":1,"20":1,"21":1,"22":1,"23":1,"24":1,"25":1,"26":1,"27":1},"f":{"0":2,"1":2,"2":1,"3":2,"4":2,"5":0,"6":4,"7":3,"8":1,"9":1,"10":1,"11":1},"b":{"0":[1,1,1],"1":[1,1],"2":[2,2],"3":[2,2],"4":[2,2],"5":[1,1,1],"6":[2,1],"7":[3,3]},"_coverageSchema":"1a1c01bbd47fc00a2c39e90264f33305004495a9","hash":"d2d398f4e3a7cc8293d29f830d787b4d119001c1","contentHash":"2f2fd6200605cd25d32bdd5a39df8ca9e79013dc79807017eb9834ba689c0f6b"},"D:\\practice\\fastify\\fastify_prizma\\build\\modules\\user\\user.route.js":{"path":"D:\\practice\\fastify\\fastify_prizma\\build\\modules\\user\\user.route.js","statementMap":{"0":{"start":{"line":2,"column":16},"end":{"line":10,"column":1}},"1":{"start":{"line":3,"column":28},"end":{"line":3,"column":110}},"2":{"start":{"line":3,"column":91},"end":{"line":3,"column":106}},"3":{"start":{"line":4,"column":4},"end":{"line":9,"column":7}},"4":{"start":{"line":5,"column":36},"end":{"line":5,"column":97}},"5":{"start":{"line":5,"column":42},"end":{"line":5,"column":70}},"6":{"start":{"line":5,"column":85},"end":{"line":5,"column":95}},"7":{"start":{"line":6,"column":35},"end":{"line":6,"column":100}},"8":{"start":{"line":6,"column":41},"end":{"line":6,"column":73}},"9":{"start":{"line":6,"column":88},"end":{"line":6,"column":98}},"10":{"start":{"line":7,"column":32},"end":{"line":7,"column":116}},"11":{"start":{"line":8,"column":8},"end":{"line":8,"column":78}},"12":{"start":{"line":11,"column":0},"end":{"line":11,"column":62}},"13":{"start":{"line":12,"column":0},"end":{"line":12,"column":28}},"14":{"start":{"line":13,"column":26},"end":{"line":13,"column":54}},"15":{"start":{"line":14,"column":22},"end":{"line":14,"column":46}},"16":{"start":{"line":16,"column":4},"end":{"line":36,"column":7}},"17":{"start":{"line":17,"column":8},"end":{"line":24,"column":50}},"18":{"start":{"line":25,"column":8},"end":{"line":32,"column":47}},"19":{"start":{"line":33,"column":8},"end":{"line":35,"column":46}},"20":{"start":{"line":38,"column":0},"end":{"line":38,"column":28}}},"fnMap":{"0":{"name":"(anonymous_0)","decl":{"start":{"line":2,"column":44},"end":{"line":2,"column":45}},"loc":{"start":{"line":2,"column":89},"end":{"line":10,"column":1}},"line":2},"1":{"name":"adopt","decl":{"start":{"line":3,"column":13},"end":{"line":3,"column":18}},"loc":{"start":{"line":3,"column":26},"end":{"line":3,"column":112}},"line":3},"2":{"name":"(anonymous_2)","decl":{"start":{"line":3,"column":70},"end":{"line":3,"column":71}},"loc":{"start":{"line":3,"column":89},"end":{"line":3,"column":108}},"line":3},"3":{"name":"(anonymous_3)","decl":{"start":{"line":4,"column":36},"end":{"line":4,"column":37}},"loc":{"start":{"line":4,"column":63},"end":{"line":9,"column":5}},"line":4},"4":{"name":"fulfilled","decl":{"start":{"line":5,"column":17},"end":{"line":5,"column":26}},"loc":{"start":{"line":5,"column":34},"end":{"line":5,"column":99}},"line":5},"5":{"name":"rejected","decl":{"start":{"line":6,"column":17},"end":{"line":6,"column":25}},"loc":{"start":{"line":6,"column":33},"end":{"line":6,"column":102}},"line":6},"6":{"name":"step","decl":{"start":{"line":7,"column":17},"end":{"line":7,"column":21}},"loc":{"start":{"line":7,"column":30},"end":{"line":7,"column":118}},"line":7},"7":{"name":"routes","decl":{"start":{"line":15,"column":9},"end":{"line":15,"column":15}},"loc":{"start":{"line":15,"column":24},"end":{"line":37,"column":1}},"line":15},"8":{"name":"(anonymous_8)","decl":{"start":{"line":16,"column":43},"end":{"line":16,"column":44}},"loc":{"start":{"line":16,"column":56},"end":{"line":36,"column":5}},"line":16}},"branchMap":{"0":{"loc":{"start":{"line":2,"column":16},"end":{"line":10,"column":1}},"type":"binary-expr","locations":[{"start":{"line":2,"column":17},"end":{"line":2,"column":21}},{"start":{"line":2,"column":25},"end":{"line":2,"column":39}},{"start":{"line":2,"column":44},"end":{"line":10,"column":1}}],"line":2},"1":{"loc":{"start":{"line":3,"column":35},"end":{"line":3,"column":109}},"type":"cond-expr","locations":[{"start":{"line":3,"column":56},"end":{"line":3,"column":61}},{"start":{"line":3,"column":64},"end":{"line":3,"column":109}}],"line":3},"2":{"loc":{"start":{"line":4,"column":16},"end":{"line":4,"column":34}},"type":"binary-expr","locations":[{"start":{"line":4,"column":16},"end":{"line":4,"column":17}},{"start":{"line":4,"column":22},"end":{"line":4,"column":33}}],"line":4},"3":{"loc":{"start":{"line":7,"column":32},"end":{"line":7,"column":115}},"type":"cond-expr","locations":[{"start":{"line":7,"column":46},"end":{"line":7,"column":67}},{"start":{"line":7,"column":70},"end":{"line":7,"column":115}}],"line":7},"4":{"loc":{"start":{"line":8,"column":51},"end":{"line":8,"column":67}},"type":"binary-expr","locations":[{"start":{"line":8,"column":51},"end":{"line":8,"column":61}},{"start":{"line":8,"column":65},"end":{"line":8,"column":67}}],"line":8}},"s":{"0":1,"1":0,"2":0,"3":1,"4":0,"5":0,"6":0,"7":0,"8":0,"9":0,"10":1,"11":1,"12":1,"13":1,"14":1,"15":1,"16":1,"17":1,"18":1,"19":1,"20":1},"f":{"0":1,"1":0,"2":0,"3":1,"4":0,"5":0,"6":1,"7":1,"8":1},"b":{"0":[1,1,1],"1":[0,0],"2":[1,1],"3":[1,0],"4":[1,1]},"_coverageSchema":"1a1c01bbd47fc00a2c39e90264f33305004495a9","hash":"c0a391b1d779cfc62bb472124022e70987455c6c","contentHash":"e9de42f10ddb2b17f5d9a7dc00b0d09762fde20660558fe6f6eea2c50e5bb6ff"},"D:\\practice\\fastify\\fastify_prizma\\build\\modules\\user\\user.controller.js":{"path":"D:\\practice\\fastify\\fastify_prizma\\build\\modules\\user\\user.controller.js","statementMap":{"0":{"start":{"line":2,"column":16},"end":{"line":10,"column":1}},"1":{"start":{"line":3,"column":28},"end":{"line":3,"column":110}},"2":{"start":{"line":3,"column":91},"end":{"line":3,"column":106}},"3":{"start":{"line":4,"column":4},"end":{"line":9,"column":7}},"4":{"start":{"line":5,"column":36},"end":{"line":5,"column":97}},"5":{"start":{"line":5,"column":42},"end":{"line":5,"column":70}},"6":{"start":{"line":5,"column":85},"end":{"line":5,"column":95}},"7":{"start":{"line":6,"column":35},"end":{"line":6,"column":100}},"8":{"start":{"line":6,"column":41},"end":{"line":6,"column":73}},"9":{"start":{"line":6,"column":88},"end":{"line":6,"column":98}},"10":{"start":{"line":7,"column":32},"end":{"line":7,"column":116}},"11":{"start":{"line":8,"column":8},"end":{"line":8,"column":78}},"12":{"start":{"line":11,"column":13},"end":{"line":21,"column":1}},"13":{"start":{"line":12,"column":12},"end":{"line":12,"column":14}},"14":{"start":{"line":13,"column":4},"end":{"line":14,"column":20}},"15":{"start":{"line":13,"column":21},"end":{"line":14,"column":20}},"16":{"start":{"line":14,"column":8},"end":{"line":14,"column":20}},"17":{"start":{"line":15,"column":4},"end":{"line":19,"column":9}},"18":{"start":{"line":16,"column":8},"end":{"line":19,"column":9}},"19":{"start":{"line":16,"column":21},"end":{"line":16,"column":22}},"20":{"start":{"line":16,"column":28},"end":{"line":16,"column":59}},"21":{"start":{"line":17,"column":12},"end":{"line":18,"column":34}},"22":{"start":{"line":18,"column":16},"end":{"line":18,"column":34}},"23":{"start":{"line":20,"column":4},"end":{"line":20,"column":13}},"24":{"start":{"line":22,"column":0},"end":{"line":22,"column":62}},"25":{"start":{"line":23,"column":0},"end":{"line":23,"column":90}},"26":{"start":{"line":24,"column":23},"end":{"line":24,"column":48}},"27":{"start":{"line":26,"column":4},"end":{"line":35,"column":7}},"28":{"start":{"line":27,"column":33},"end":{"line":27,"column":40}},"29":{"start":{"line":28,"column":8},"end":{"line":34,"column":9}},"30":{"start":{"line":29,"column":25},"end":{"line":29,"column":107}},"31":{"start":{"line":30,"column":12},"end":{"line":30,"column":46}},"32":{"start":{"line":33,"column":12},"end":{"line":33,"column":43}},"33":{"start":{"line":37,"column":0},"end":{"line":37,"column":39}},"34":{"start":{"line":39,"column":4},"end":{"line":56,"column":7}},"35":{"start":{"line":40,"column":33},"end":{"line":40,"column":40}},"36":{"start":{"line":41,"column":21},"end":{"line":41,"column":96}},"37":{"start":{"line":42,"column":8},"end":{"line":44,"column":9}},"38":{"start":{"line":43,"column":12},"end":{"line":43,"column":72}},"39":{"start":{"line":45,"column":32},"end":{"line":49,"column":10}},"40":{"start":{"line":50,"column":8},"end":{"line":54,"column":9}},"41":{"start":{"line":51,"column":39},"end":{"line":51,"column":43}},"42":{"start":{"line":51,"column":52},"end":{"line":51,"column":86}},"43":{"start":{"line":52,"column":32},"end":{"line":52,"column":61}},"44":{"start":{"line":53,"column":12},"end":{"line":53,"column":70}},"45":{"start":{"line":55,"column":8},"end":{"line":55,"column":72}},"46":{"start":{"line":58,"column":0},"end":{"line":58,"column":33}},"47":{"start":{"line":60,"column":4},"end":{"line":67,"column":7}},"48":{"start":{"line":61,"column":23},"end":{"line":61,"column":37}},"49":{"start":{"line":62,"column":22},"end":{"line":62,"column":79}},"50":{"start":{"line":63,"column":8},"end":{"line":65,"column":9}},"51":{"start":{"line":64,"column":12},"end":{"line":64,"column":66}},"52":{"start":{"line":66,"column":8},"end":{"line":66,"column":67}},"53":{"start":{"line":69,"column":0},"end":{"line":69,"column":35}}},"fnMap":{"0":{"name":"(anonymous_0)","decl":{"start":{"line":2,"column":44},"end":{"line":2,"column":45}},"loc":{"start":{"line":2,"column":89},"end":{"line":10,"column":1}},"line":2},"1":{"name":"adopt","decl":{"start":{"line":3,"column":13},"end":{"line":3,"column":18}},"loc":{"start":{"line":3,"column":26},"end":{"line":3,"column":112}},"line":3},"2":{"name":"(anonymous_2)","decl":{"start":{"line":3,"column":70},"end":{"line":3,"column":71}},"loc":{"start":{"line":3,"column":89},"end":{"line":3,"column":108}},"line":3},"3":{"name":"(anonymous_3)","decl":{"start":{"line":4,"column":36},"end":{"line":4,"column":37}},"loc":{"start":{"line":4,"column":63},"end":{"line":9,"column":5}},"line":4},"4":{"name":"fulfilled","decl":{"start":{"line":5,"column":17},"end":{"line":5,"column":26}},"loc":{"start":{"line":5,"column":34},"end":{"line":5,"column":99}},"line":5},"5":{"name":"rejected","decl":{"start":{"line":6,"column":17},"end":{"line":6,"column":25}},"loc":{"start":{"line":6,"column":33},"end":{"line":6,"column":102}},"line":6},"6":{"name":"step","decl":{"start":{"line":7,"column":17},"end":{"line":7,"column":21}},"loc":{"start":{"line":7,"column":30},"end":{"line":7,"column":118}},"line":7},"7":{"name":"(anonymous_7)","decl":{"start":{"line":11,"column":38},"end":{"line":11,"column":39}},"loc":{"start":{"line":11,"column":54},"end":{"line":21,"column":1}},"line":11},"8":{"name":"register","decl":{"start":{"line":25,"column":9},"end":{"line":25,"column":17}},"loc":{"start":{"line":25,"column":34},"end":{"line":36,"column":1}},"line":25},"9":{"name":"(anonymous_9)","decl":{"start":{"line":26,"column":43},"end":{"line":26,"column":44}},"loc":{"start":{"line":26,"column":56},"end":{"line":35,"column":5}},"line":26},"10":{"name":"login","decl":{"start":{"line":38,"column":9},"end":{"line":38,"column":14}},"loc":{"start":{"line":38,"column":31},"end":{"line":57,"column":1}},"line":38},"11":{"name":"(anonymous_11)","decl":{"start":{"line":39,"column":43},"end":{"line":39,"column":44}},"loc":{"start":{"line":39,"column":56},"end":{"line":56,"column":5}},"line":39},"12":{"name":"getUsers","decl":{"start":{"line":59,"column":9},"end":{"line":59,"column":17}},"loc":{"start":{"line":59,"column":34},"end":{"line":68,"column":1}},"line":59},"13":{"name":"(anonymous_13)","decl":{"start":{"line":60,"column":43},"end":{"line":60,"column":44}},"loc":{"start":{"line":60,"column":56},"end":{"line":67,"column":5}},"line":60}},"branchMap":{"0":{"loc":{"start":{"line":2,"column":16},"end":{"line":10,"column":1}},"type":"binary-expr","locations":[{"start":{"line":2,"column":17},"end":{"line":2,"column":21}},{"start":{"line":2,"column":25},"end":{"line":2,"column":39}},{"start":{"line":2,"column":44},"end":{"line":10,"column":1}}],"line":2},"1":{"loc":{"start":{"line":3,"column":35},"end":{"line":3,"column":109}},"type":"cond-expr","locations":[{"start":{"line":3,"column":56},"end":{"line":3,"column":61}},{"start":{"line":3,"column":64},"end":{"line":3,"column":109}}],"line":3},"2":{"loc":{"start":{"line":4,"column":16},"end":{"line":4,"column":34}},"type":"binary-expr","locations":[{"start":{"line":4,"column":16},"end":{"line":4,"column":17}},{"start":{"line":4,"column":22},"end":{"line":4,"column":33}}],"line":4},"3":{"loc":{"start":{"line":7,"column":32},"end":{"line":7,"column":115}},"type":"cond-expr","locations":[{"start":{"line":7,"column":46},"end":{"line":7,"column":67}},{"start":{"line":7,"column":70},"end":{"line":7,"column":115}}],"line":7},"4":{"loc":{"start":{"line":8,"column":51},"end":{"line":8,"column":67}},"type":"binary-expr","locations":[{"start":{"line":8,"column":51},"end":{"line":8,"column":61}},{"start":{"line":8,"column":65},"end":{"line":8,"column":67}}],"line":8},"5":{"loc":{"start":{"line":11,"column":13},"end":{"line":21,"column":1}},"type":"binary-expr","locations":[{"start":{"line":11,"column":14},"end":{"line":11,"column":18}},{"start":{"line":11,"column":22},"end":{"line":11,"column":33}},{"start":{"line":11,"column":38},"end":{"line":21,"column":1}}],"line":11},"6":{"loc":{"start":{"line":13,"column":21},"end":{"line":14,"column":20}},"type":"if","locations":[{"start":{"line":13,"column":21},"end":{"line":14,"column":20}},{"start":{"line":13,"column":21},"end":{"line":14,"column":20}}],"line":13},"7":{"loc":{"start":{"line":13,"column":25},"end":{"line":13,"column":87}},"type":"binary-expr","locations":[{"start":{"line":13,"column":25},"end":{"line":13,"column":67}},{"start":{"line":13,"column":71},"end":{"line":13,"column":87}}],"line":13},"8":{"loc":{"start":{"line":15,"column":4},"end":{"line":19,"column":9}},"type":"if","locations":[{"start":{"line":15,"column":4},"end":{"line":19,"column":9}},{"start":{"line":15,"column":4},"end":{"line":19,"column":9}}],"line":15},"9":{"loc":{"start":{"line":15,"column":8},"end":{"line":15,"column":71}},"type":"binary-expr","locations":[{"start":{"line":15,"column":8},"end":{"line":15,"column":17}},{"start":{"line":15,"column":21},"end":{"line":15,"column":71}}],"line":15},"10":{"loc":{"start":{"line":17,"column":12},"end":{"line":18,"column":34}},"type":"if","locations":[{"start":{"line":17,"column":12},"end":{"line":18,"column":34}},{"start":{"line":17,"column":12},"end":{"line":18,"column":34}}],"line":17},"11":{"loc":{"start":{"line":17,"column":16},"end":{"line":17,"column":90}},"type":"binary-expr","locations":[{"start":{"line":17,"column":16},"end":{"line":17,"column":35}},{"start":{"line":17,"column":39},"end":{"line":17,"column":90}}],"line":17},"12":{"loc":{"start":{"line":42,"column":8},"end":{"line":44,"column":9}},"type":"if","locations":[{"start":{"line":42,"column":8},"end":{"line":44,"column":9}},{"start":{"line":42,"column":8},"end":{"line":44,"column":9}}],"line":42},"13":{"loc":{"start":{"line":50,"column":8},"end":{"line":54,"column":9}},"type":"if","locations":[{"start":{"line":50,"column":8},"end":{"line":54,"column":9}},{"start":{"line":50,"column":8},"end":{"line":54,"column":9}}],"line":50},"14":{"loc":{"start":{"line":63,"column":8},"end":{"line":65,"column":9}},"type":"if","locations":[{"start":{"line":63,"column":8},"end":{"line":65,"column":9}},{"start":{"line":63,"column":8},"end":{"line":65,"column":9}}],"line":63}},"s":{"0":1,"1":0,"2":0,"3":0,"4":0,"5":0,"6":0,"7":0,"8":0,"9":0,"10":0,"11":0,"12":1,"13":0,"14":0,"15":0,"16":0,"17":0,"18":0,"19":0,"20":0,"21":0,"22":0,"23":0,"24":1,"25":1,"26":1,"27":0,"28":0,"29":0,"30":0,"31":0,"32":0,"33":1,"34":0,"35":0,"36":0,"37":0,"38":0,"39":0,"40":0,"41":0,"42":0,"43":0,"44":0,"45":0,"46":1,"47":0,"48":0,"49":0,"50":0,"51":0,"52":0,"53":1},"f":{"0":0,"1":0,"2":0,"3":0,"4":0,"5":0,"6":0,"7":0,"8":0,"9":0,"10":0,"11":0,"12":0,"13":0},"b":{"0":[1,1,1],"1":[0,0],"2":[0,0],"3":[0,0],"4":[0,0],"5":[1,1,1],"6":[0,0],"7":[0,0],"8":[0,0],"9":[0,0],"10":[0,0],"11":[0,0],"12":[0,0],"13":[0,0],"14":[0,0]},"_coverageSchema":"1a1c01bbd47fc00a2c39e90264f33305004495a9","hash":"69bc1e8cb550f711bc6033ffa9898074e53f1c28","contentHash":"3175dd4f2c43c5c44818b47c3829f0f34e9c897743fc3bdb50858941811a0d65"},"D:\\practice\\fastify\\fastify_prizma\\build\\modules\\user\\user.service.js":{"path":"D:\\practice\\fastify\\fastify_prizma\\build\\modules\\user\\user.service.js","statementMap":{"0":{"start":{"line":2,"column":16},"end":{"line":10,"column":1}},"1":{"start":{"line":3,"column":28},"end":{"line":3,"column":110}},"2":{"start":{"line":3,"column":91},"end":{"line":3,"column":106}},"3":{"start":{"line":4,"column":4},"end":{"line":9,"column":7}},"4":{"start":{"line":5,"column":36},"end":{"line":5,"column":97}},"5":{"start":{"line":5,"column":42},"end":{"line":5,"column":70}},"6":{"start":{"line":5,"column":85},"end":{"line":5,"column":95}},"7":{"start":{"line":6,"column":35},"end":{"line":6,"column":100}},"8":{"start":{"line":6,"column":41},"end":{"line":6,"column":73}},"9":{"start":{"line":6,"column":88},"end":{"line":6,"column":98}},"10":{"start":{"line":7,"column":32},"end":{"line":7,"column":116}},"11":{"start":{"line":8,"column":8},"end":{"line":8,"column":78}},"12":{"start":{"line":11,"column":13},"end":{"line":21,"column":1}},"13":{"start":{"line":12,"column":12},"end":{"line":12,"column":14}},"14":{"start":{"line":13,"column":4},"end":{"line":14,"column":20}},"15":{"start":{"line":13,"column":21},"end":{"line":14,"column":20}},"16":{"start":{"line":
[...]
n":18},"end":{"line":42,"column":3}},"21":{"start":{"line":26,"column":60},"end":{"line":42,"column":2}},"22":{"start":{"line":27,"column":20},"end":{"line":27,"column":41}},"23":{"start":{"line":28,"column":4},"end":{"line":35,"column":7}},"24":{"start":{"line":31,"column":24},"end":{"line":34,"column":9}},"25":{"start":{"line":36,"column":4},"end":{"line":41,"column":8}},"26":{"start":{"line":36,"column":32},"end":{"line":41,"column":5}},"27":{"start":{"line":39,"column":29},"end":{"line":39,"column":79}},"28":{"start":{"line":43,"column":0},"end":{"line":43,"column":35}}},"fnMap":{"0":{"name":"(anonymous_0)","decl":{"start":{"line":2,"column":44},"end":{"line":2,"column":45}},"loc":{"start":{"line":2,"column":89},"end":{"line":10,"column":1}},"line":2},"1":{"name":"adopt","decl":{"start":{"line":3,"column":13},"end":{"line":3,"column":18}},"loc":{"start":{"line":3,"column":26},"end":{"line":3,"column":112}},"line":3},"2":{"name":"(anonymous_2)","decl":{"start":{"line":3,"column":70},"end":{"line":3,"column":71}},"loc":{"start":{"line":3,"column":89},"end":{"line":3,"column":108}},"line":3},"3":{"name":"(anonymous_3)","decl":{"start":{"line":4,"column":36},"end":{"line":4,"column":37}},"loc":{"start":{"line":4,"column":63},"end":{"line":9,"column":5}},"line":4},"4":{"name":"fulfilled","decl":{"start":{"line":5,"column":17},"end":{"line":5,"column":26}},"loc":{"start":{"line":5,"column":34},"end":{"line":5,"column":99}},"line":5},"5":{"name":"rejected","decl":{"start":{"line":6,"column":17},"end":{"line":6,"column":25}},"loc":{"start":{"line":6,"column":33},"end":{"line":6,"column":102}},"line":6},"6":{"name":"step","decl":{"start":{"line":7,"column":17},"end":{"line":7,"column":21}},"loc":{"start":{"line":7,"column":30},"end":{"line":7,"column":118}},"line":7},"7":{"name":"(anonymous_7)","decl":{"start":{"line":11,"column":56},"end":{"line":11,"column":57}},"loc":{"start":{"line":11,"column":71},"end":{"line":13,"column":1}},"line":11},"8":{"name":"(anonymous_8)","decl":{"start":{"line":19,"column":4},"end":{"line":19,"column":5}},"loc":{"start":{"line":19,"column":29},"end":{"line":24,"column":5}},"line":19},"9":{"name":"(anonymous_9)","decl":{"start":{"line":26,"column":48},"end":{"line":26,"column":49}},"loc":{"start":{"line":26,"column":60},"end":{"line":42,"column":2}},"line":26},"10":{"name":"(anonymous_10)","decl":{"start":{"line":26,"column":94},"end":{"line":26,"column":95}},"loc":{"start":{"line":26,"column":107},"end":{"line":42,"column":1}},"line":26},"11":{"name":"(anonymous_11)","decl":{"start":{"line":31,"column":16},"end":{"line":31,"column":17}},"loc":{"start":{"line":31,"column":24},"end":{"line":34,"column":9}},"line":31},"12":{"name":"(anonymous_12)","decl":{"start":{"line":36,"column":24},"end":{"line":36,"column":25}},"loc":{"start":{"line":36,"column":32},"end":{"line":41,"column":5}},"line":36},"13":{"name":"(anonymous_13)","decl":{"start":{"line":39,"column":21},"end":{"line":39,"column":22}},"loc":{"start":{"line":39,"column":27},"end":{"line":39,"column":81}},"line":39}},"branchMap":{"0":{"loc":{"start":{"line":2,"column":16},"end":{"line":10,"column":1}},"type":"binary-expr","locations":[{"start":{"line":2,"column":17},"end":{"line":2,"column":21}},{"start":{"line":2,"column":25},"end":{"line":2,"column":39}},{"start":{"line":2,"column":44},"end":{"line":10,"column":1}}],"line":2},"1":{"loc":{"start":{"line":3,"column":35},"end":{"line":3,"column":109}},"type":"cond-expr","locations":[{"start":{"line":3,"column":56},"end":{"line":3,"column":61}},{"start":{"line":3,"column":64},"end":{"line":3,"column":109}}],"line":3},"2":{"loc":{"start":{"line":4,"column":16},"end":{"line":4,"column":34}},"type":"binary-expr","locations":[{"start":{"line":4,"column":16},"end":{"line":4,"column":17}},{"start":{"line":4,"column":22},"end":{"line":4,"column":33}}],"line":4},"3":{"loc":{"start":{"line":7,"column":32},"end":{"line":7,"column":115}},"type":"cond-expr","locations":[{"start":{"line":7,"column":46},"end":{"line":7,"column":67}},{"start":{"line":7,"column":70},"end":{"line":7,"column":115}}],"line":7},"4":{"loc":{"start":{"line":8,"column":51},"end":{"line":8,"column":67}},"type":"binary-expr","locations":[{"start":{"line":8,"column":51},"end":{"line":8,"column":61}},{"start":{"line":8,"column":65},"end":{"line":8,"column":67}}],"line":8},"5":{"loc":{"start":{"line":11,"column":22},"end":{"line":13,"column":1}},"type":"binary-expr","locations":[{"start":{"line":11,"column":23},"end":{"line":11,"column":27}},{"start":{"line":11,"column":31},"end":{"line":11,"column":51}},{"start":{"line":11,"column":56},"end":{"line":13,"column":1}}],"line":11},"6":{"loc":{"start":{"line":12,"column":11},"end":{"line":12,"column":61}},"type":"cond-expr","locations":[{"start":{"line":12,"column":37},"end":{"line":12,"column":40}},{"start":{"line":12,"column":43},"end":{"line":12,"column":61}}],"line":12},"7":{"loc":{"start":{"line":12,"column":12},"end":{"line":12,"column":33}},"type":"binary-expr","locations":[{"start":{"line":12,"column":12},"end":{"line":12,"column":15}},{"start":{"line":12,"column":19},"end":{"line":12,"column":33}}],"line":12}},"s":{"0":1,"1":0,"2":0,"3":1,"4":0,"5":0,"6":0,"7":0,"8":0,"9":0,"10":1,"11":1,"12":1,"13":1,"14":1,"15":1,"16":1,"17":0,"18":0,"19":0,"20":1,"21":1,"22":1,"23":1,"24":1,"25":1,"26":1,"27":0,"28":1},"f":{"0":1,"1":0,"2":0,"3":1,"4":0,"5":0,"6":1,"7":1,"8":0,"9":1,"10":1,"11":1,"12":1,"13":0},"b":{"0":[1,1,1],"1":[0,0],"2":[1,1],"3":[1,0],"4":[1,1],"5":[1,1,1],"6":[0,1],"7":[1,1]},"_coverageSchema":"1a1c01bbd47fc00a2c39e90264f33305004495a9","hash":"63cd5968df12cab5a2af109ed08c686b1a624bda","contentHash":"67c038186561338228993c20dc9d17952c638fe8c38386bf831b952e96847fc2"},"D:\\practice\\fastify\\fastify_prizma\\build\\modules\\user\\user.query.js":{"path":"D:\\practice\\fastify\\fastify_prizma\\build\\modules\\user\\user.query.js","statementMap":{"0":{"start":{"line":2,"column":16},"end":{"line":10,"column":1}},"1":{"start":{"line":3,"column":28},"end":{"line":3,"column":110}},"2":{"start":{"line":3,"column":91},"end":{"line":3,"column":106}},"3":{"start":{"line":4,"column":4},"end":{"line":9,"column":7}},"4":{"start":{"line":5,"column":36},"end":{"line":5,"column":97}},"5":{"start":{"line":5,"column":42},"end":{"line":5,"column":70}},"6":{"start":{"line":5,"column":85},"end":{"line":5,"column":95}},"7":{"start":{"line":6,"column":35},"end":{"line":6,"column":100}},"8":{"start":{"line":6,"column":41},"end":{"line":6,"column":73}},"9":{"start":{"line":6,"column":88},"end":{"line":6,"column":98}},"10":{"start":{"line":7,"column":32},"end":{"line":7,"column":116}},"11":{"start":{"line":8,"column":8},"end":{"line":8,"column":78}},"12":{"start":{"line":11,"column":22},"end":{"line":13,"column":1}},"13":{"start":{"line":12,"column":4},"end":{"line":12,"column":62}},"14":{"start":{"line":14,"column":0},"end":{"line":14,"column":62}},"15":{"start":{"line":15,"column":0},"end":{"line":15,"column":32}},"16":{"start":{"line":16,"column":25},"end":{"line":16,"column":67}},"17":{"start":{"line":17,"column":19},"end":{"line":43,"column":3}},"18":{"start":{"line":17,"column":61},"end":{"line":43,"column":2}},"19":{"start":{"line":18,"column":20},"end":{"line":18,"column":41}},"20":{"start":{"line":19,"column":17},"end":{"line":26,"column":6}},"21":{"start":{"line":21,"column":24},"end":{"line":25,"column":9}},"22":{"start":{"line":27,"column":4},"end":{"line":42,"column":8}},"23":{"start":{"line":27,"column":32},"end":{"line":42,"column":5}},"24":{"start":{"line":34,"column":53},"end":{"line":34,"column":160}},"25":{"start":{"line":40,"column":53},"end":{"line":40,"column":107}},"26":{"start":{"line":44,"column":0},"end":{"line":44,"column":36}}},"fnMap":{"0":{"name":"(anonymous_0)","decl":{"start":{"line":2,"column":44},"end":{"line":2,"column":45}},"loc":{"start":{"line":2,"column":89},"end":{"line":10,"column":1}},"line":2},"1":{"name":"adopt","decl":{"start":{"line":3,"column":13},"end":{"line":3,"column":18}},"loc":{"start":{"line":3,"column":26},"end":{"line":3,"column":112}},"line":3},"2":{"name":"(anonymous_2)","decl":{"start":{"line":3,"column":70},"end":{"line":3,"column":71}},"loc":{"start":{"line":3,"column":89},"end":{"line":3,"column":108}},"line":3},"3":{"name":"(anonymous_3)","decl":{"start":{"line":4,"column":36},"end":{"line":4,"column":37}},"loc":{"start":{"line":4,"column":63},"end":{"line":9,"column":5}},"line":4},"4":{"name":"fulfilled","decl":{"start":{"line":5,"column":17},"end":{"line":5,"column":26}},"loc":{"start":{"line":5,"column":34},"end":{"line":5,"column":99}},"line":5},"5":{"name":"rejected","decl":{"start":{"line":6,"column":17},"end":{"line":6,"column":25}},"loc":{"start":{"line":6,"column":33},"end":{"line":6,"column":102}},"line":6},"6":{"name":"step","decl":{"start":{"line":7,"column":17},"end":{"line":7,"column":21}},"loc":{"start":{"line":7,"column":30},"end":{"line":7,"column":118}},"line":7},"7":{"name":"(anonymous_7)","decl":{"start":{"line":11,"column":56},"end":{"line":11,"column":57}},"loc":{"start":{"line":11,"column":71},"end":{"line":13,"column":1}},"line":11},"8":{"name":"(anonymous_8)","decl":{"start":{"line":17,"column":49},"end":{"line":17,"column":50}},"loc":{"start":{"line":17,"column":61},"end":{"line":43,"column":2}},"line":17},"9":{"name":"(anonymous_9)","decl":{"start":{"line":17,"column":95},"end":{"line":17,"column":96}},"loc":{"start":{"line":17,"column":108},"end":{"line":43,"column":1}},"line":17},"10":{"name":"(anonymous_10)","decl":{"start":{"line":21,"column":16},"end":{"line":21,"column":17}},"loc":{"start":{"line":21,"column":24},"end":{"line":25,"column":9}},"line":21},"11":{"name":"(anonymous_11)","decl":{"start":{"line":27,"column":24},"end":{"line":27,"column":25}},"loc":{"start":{"line":27,"column":32},"end":{"line":42,"column":5}},"line":27},"12":{"name":"(anonymous_12)","decl":{"start":{"line":34,"column":21},"end":{"line":34,"column":22}},"loc":{"start":{"line":34,"column":53},"end":{"line":34,"column":160}},"line":34},"13":{"name":"(anonymous_13)","decl":{"start":{"line":40,"column":21},"end":{"line":40,"column":22}},"loc":{"start":{"line":40,"column":53},"end":{"line":40,"column":107}},"line":40}},"branchMap":{"0":{"loc":{"start":{"line":2,"column":16},"end":{"line":10,"column":1}},"type":"binary-expr","locations":[{"start":{"line":2,"column":17},"end":{"line":2,"column":21}},{"start":{"line":2,"column":25},"end":{"line":2,"column":39}},{"start":{"line":2,"column":44},"end":{"line":10,"column":1}}],"line":2},"1":{"loc":{"start":{"line":3,"column":35},"end":{"line":3,"column":109}},"type":"cond-expr","locations":[{"start":{"line":3,"column":56},"end":{"line":3,"column":61}},{"start":{"line":3,"column":64},"end":{"line":3,"column":109}}],"line":3},"2":{"loc":{"start":{"line":4,"column":16},"end":{"line":4,"column":34}},"type":"binary-expr","locations":[{"start":{"line":4,"column":16},"end":{"line":4,"column":17}},{"start":{"line":4,"column":22},"end":{"line":4,"column":33}}],"line":4},"3":{"loc":{"start":{"line":7,"column":32},"end":{"line":7,"column":115}},"type":"cond-expr","locations":[{"start":{"line":7,"column":46},"end":{"line":7,"column":67}},{"start":{"line":7,"column":70},"end":{"line":7,"column":115}}],"line":7},"4":{"loc":{"start":{"line":8,"column":51},"end":{"line":8,"column":67}},"type":"binary-expr","locations":[{"start":{"line":8,"column":51},"end":{"line":8,"column":61}},{"start":{"line":8,"column":65},"end":{"line":8,"column":67}}],"line":8},"5":{"loc":{"start":{"line":11,"column":22},"end":{"line":13,"column":1}},"type":"binary-expr","locations":[{"start":{"line":11,"column":23},"end":{"line":11,"column":27}},{"start":{"line":11,"column":31},"end":{"line":11,"column":51}},{"start":{"line":11,"column":56},"end":{"line":13,"column":1}}],"line":11},"6":{"loc":{"start":{"line":12,"column":11},"end":{"line":12,"column":61}},"type":"cond-expr","locations":[{"start":{"line":12,"column":37},"end":{"line":12,"column":40}},{"start":{"line":12,"column":43},"end":{"line":12,"column":61}}],"line":12},"7":{"loc":{"start":{"line":12,"column":12},"end":{"line":12,"column":33}},"type":"binary-expr","locations":[{"start":{"line":12,"column":12},"end":{"line":12,"column":15}},{"start":{"line":12,"column":19},"end":{"line":12,"column":33}}],"line":12}},"s":{"0":1,"1":0,"2":0,"3":1,"4":0,"5":0,"6":0,"7":0,"8":0,"9":0,"10":1,"11":1,"12":1,"13":1,"14":1,"15":1,"16":1,"17":1,"18":1,"19":1,"20":1,"21":1,"22":1,"23":1,"24":0,"25":0,"26":1},"f":{"0":1,"1":0,"2":0,"3":1,"4":0,"5":0,"6":1,"7":1,"8":1,"9":1,"10":1,"11":1,"12":0,"13":0},"b":{"0":[1,1,1],"1":[0,0],"2":[1,1],"3":[1,0],"4":[1,1],"5":[1,1,1],"6":[0,1],"7":[1,1]},"_coverageSchema":"1a1c01bbd47fc00a2c39e90264f33305004495a9","hash":"e12234be7ef6f74f2c31878734fc87e32fb79adc","contentHash":"a671a9f97e1e4586a0017181bffc485c7373bf2c7beb21ce6ee7a9ac4934f460"},"D:\\practice\\fastify\\fastify_prizma\\build\\modules\\product\\product.query.js":{"path":"D:\\practice\\fastify\\fastify_prizma\\build\\modules\\product\\product.query.js","statementMap":{"0":{"start":{"line":2,"column":16},"end":{"line":10,"column":1}},"1":{"start":{"line":3,"column":28},"end":{"line":3,"column":110}},"2":{"start":{"line":3,"column":91},"end":{"line":3,"column":106}},"3":{"start":{"line":4,"column":4},"end":{"line":9,"column":7}},"4":{"start":{"line":5,"column":36},"end":{"line":5,"column":97}},"5":{"start":{"line":5,"column":42},"end":{"line":5,"column":70}},"6":{"start":{"line":5,"column":85},"end":{"line":5,"column":95}},"7":{"start":{"line":6,"column":35},"end":{"line":6,"column":100}},"8":{"start":{"line":6,"column":41},"end":{"line":6,"column":73}},"9":{"start":{"line":6,"column":88},"end":{"line":6,"column":98}},"10":{"start":{"line":7,"column":32},"end":{"line":7,"column":116}},"11":{"start":{"line":8,"column":8},"end":{"line":8,"column":78}},"12":{"start":{"line":11,"column":22},"end":{"line":13,"column":1}},"13":{"start":{"line":12,"column":4},"end":{"line":12,"column":62}},"14":{"start":{"line":14,"column":0},"end":{"line":14,"column":62}},"15":{"start":{"line":15,"column":0},"end":{"line":15,"column":35}},"16":{"start":{"line":16,"column":25},"end":{"line":16,"column":67}},"17":{"start":{"line":17,"column":19},"end":{"line":44,"column":3}},"18":{"start":{"line":17,"column":61},"end":{"line":44,"column":2}},"19":{"start":{"line":18,"column":20},"end":{"line":18,"column":41}},"20":{"start":{"line":19,"column":20},"end":{"line":27,"column":6}},"21":{"start":{"line":21,"column":24},"end":{"line":26,"column":9}},"22":{"start":{"line":28,"column":4},"end":{"line":43,"column":8}},"23":{"start":{"line":28,"column":32},"end":{"line":43,"column":5}},"24":{"start":{"line":35,"column":49},"end":{"line":35,"column":155}},"25":{"start":{"line":41,"column":49},"end":{"line":41,"column":102}},"26":{"start":{"line":45,"column":0},"end":{"line":45,"column":39}}},"fnMap":{"0":{"name":"(anonymous_0)","decl":{"start":{"line":2,"column":44},"end":{"line":2,"column":45}},"loc":{"start":{"line":2,"column":89},"end":{"line":10,"column":1}},"line":2},"1":{"name":"adopt","decl":{"start":{"line":3,"column":13},"end":{"line":3,"column":18}},"loc":{"start":{"line":3,"column":26},"end":{"line":3,"column":112}},"line":3},"2":{"name":"(anonymous_2)","decl":{"start":{"line":3,"column":70},"end":{"line":3,"column":71}},"loc":{"start":{"line":3,"column":89},"end":{"line":3,"column":108}},"line":3},"3":{"name":"(anonymous_3)","decl":{"start":{"line":4,"column":36},"end":{"line":4,"column":37}},"loc":{"start":{"line":4,"column":63},"end":{"line":9,"column":5}},"line":4},"4":{"name":"fulfilled","decl":{"start":{"line":5,"column":17},"end":{"line":5,"column":26}},"loc":{"start":{"line":5,"column":34},"end":{"line":5,"column":99}},"line":5},"5":{"name":"rejected","decl":{"start":{"line":6,"column":17},"end":{"line":6,"column":25}},"loc":{"start":{"line":6,"column":33},"end":{"line":6,"column":102}},"line":6},"6":{"name":"step","decl":{"start":{"line":7,"column":17},"end":{"line":7,"column":21}},"loc":{"start":{"line":7,"column":30},"end":{"line":7,"column":118}},"line":7},"7":{"name":"(anonymous_7)","decl":{"start":{"line":11,"column":56},"end":{"line":11,"column":57}},"loc":{"start":{"line":11,"column":71},"end":{"line":13,"column":1}},"line":11},"8":{"name":"(anonymous_8)","decl":{"start":{"line":17,"column":49},"end":{"line":17,"column":50}},"loc":{"start":{"line":17,"column":61},"end":{"line":44,"column":2}},"line":17},"9":{"name":"(anonymous_9)","decl":{"start":{"line":17,"column":95},"end":{"line":17,"column":96}},"loc":{"start":{"line":17,"column":108},"end":{"line":44,"column":1}},"line":17},"10":{"name":"(anonymous_10)","decl":{"start":{"line":21,"column":16},"end":{"line":21,"column":17}},"loc":{"start":{"line":21,"column":24},"end":{"line":26,"column":9}},"line":21},"11":{"name":"(anonymous_11)","decl":{"start":{"line":28,"column":24},"end":{"line":28,"column":25}},"loc":{"start":{"line":28,"column":32},"end":{"line":43,"column":5}},"line":28},"12":{"name":"(anonymous_12)","decl":{"start":{"line":35,"column":21},"end":{"line":35,"column":22}},"loc":{"start":{"line":35,"column":49},"end":{"line":35,"column":155}},"line":35},"13":{"name":"(anonymous_13)","decl":{"start":{"line":41,"column":21},"end":{"line":41,"column":22}},"loc":{"start":{"line":41,"column":49},"end":{"line":41,"column":102}},"line":41}},"branchMap":{"0":{"loc":{"start":{"line":2,"column":16},"end":{"line":10,"column":1}},"type":"binary-expr","locations":[{"start":{"line":2,"column":17},"end":{"line":2,"column":21}},{"start":{"line":2,"column":25},"end":{"line":2,"column":39}},{"start":{"line":2,"column":44},"end":{"line":10,"column":1}}],"line":2},"1":{"loc":{"start":{"line":3,"column":35},"end":{"line":3,"column":109}},"type":"cond-expr","locations":[{"start":{"line":3,"column":56},"end":{"line":3,"column":61}},{"start":{"line":3,"column":64},"end":{"line":3,"column":109}}],"line":3},"2":{"loc":{"start":{"line":4,"column":16},"end":{"line":4,"column":34}},"type":"binary-expr","locations":[{"start":{"line":4,"column":16},"end":{"line":4,"column":17}},{"start":{"line":4,"column":22},"end":{"line":4,"column":33}}],"line":4},"3":{"loc":{"start":{"line":7,"column":32},"end":{"line":7,"column":115}},"type":"cond-expr","locations":[{"start":{"line":7,"column":46},"end":{"line":7,"column":67}},{"start":{"line":7,"column":70},"end":{"line":7,"column":115}}],"line":7},"4":{"loc":{"start":{"line":8,"column":51},"end":{"line":8,"column":67}},"type":"binary-expr","locations":[{"start":{"line":8,"column":51},"end":{"line":8,"column":61}},{"start":{"line":8,"column":65},"end":{"line":8,"column":67}}],"line":8},"5":{"loc":{"start":{"line":11,"column":22},"end":{"line":13,"column":1}},"type":"binary-expr","locations":[{"start":{"line":11,"column":23},"end":{"line":11,"column":27}},{"start":{"line":11,"column":31},"end":{"line":11,"column":51}},{"start":{"line":11,"column":56},"end":{"line":13,"column":1}}],"line":11},"6":{"loc":{"start":{"line":12,"column":11},"end":{"line":12,"column":61}},"type":"cond-expr","locations":[{"start":{"line":12,"column":37},"end":{"line":12,"column":40}},{"start":{"line":12,"column":43},"end":{"line":12,"column":61}}],"line":12},"7":{"loc":{"start":{"line":12,"column":12},"end":{"line":12,"column":33}},"type":"binary-expr","locations":[{"start":{"line":12,"column":12},"end":{"line":12,"column":15}},{"start":{"line":12,"column":19},"end":{"line":12,"column":33}}],"line":12}},"s":{"0":1,"1":0,"2":0,"3":1,"4":0,"5":0,"6":0,"7":0,"8":0,"9":0,"10":1,"11":1,"12":1,"13":1,"14":1,"15":1,"16":1,"17":1,"18":1,"19":1,"20":1,"21":1,"22":1,"23":1,"24":0,"25":0,"26":1},"f":{"0":1,"1":0,"2":0,"3":1,"4":0,"5":0,"6":1,"7":1,"8":1,"9":1,"10":1,"11":1,"12":0,"13":0},"b":{"0":[1,1,1],"1":[0,0],"2":[1,1],"3":[1,0],"4":[1,1],"5":[1,1,1],"6":[0,1],"7":[1,1]},"_coverageSchema":"1a1c01bbd47fc00a2c39e90264f33305004495a9","hash":"3111683afff598d070a8077a8f6e47b267079859","contentHash":"39e5185bc8f34f14f7f183e4a53c8c6db03083b2af0d1b51d21fe7a13c755099"}}